[ 2017-08-18T21:12:49+08:00 ] ::1 /index.php?g=&m=Page&a=dotest
INFO: [ app_begin ] --START--
INFO: Run Behavior\ReadHtmlCacheBehavior [ RunTime:0.001000s ]
INFO: Run Behavior\CheckLangBehavior [ RunTime:0.002000s ]
INFO: [ app_begin ] --END-- [ RunTime:0.005000s ]

[ 2017-08-18T21:12:56+08:00 ] ::1 /index.php?g=&m=Page&a=dotest
INFO: [ app_begin ] --START--
INFO: Run Behavior\ReadHtmlCacheBehavior [ RunTime:0.002000s ]
INFO: Run Behavior\CheckLangBehavior [ RunTime:0.002000s ]
INFO: [ app_begin ] --END-- [ RunTime:0.005000s ]

[ 2017-08-18T21:13:13+08:00 ] ::1 /index.php?g=&m=Page&a=dotest
INFO: [ app_begin ] --START--
INFO: Run Behavior\ReadHtmlCacheBehavior [ RunTime:0.002000s ]
INFO: Run Behavior\CheckLangBehavior [ RunTime:0.002001s ]
INFO: [ app_begin ] --END-- [ RunTime:0.005001s ]

[ 2017-08-18T21:14:14+08:00 ] ::1 /index.php?g=&m=Search&a=dotest
INFO: [ app_begin ] --START--
INFO: Run Behavior\ReadHtmlCacheBehavior [ RunTime:0.002000s ]
INFO: Run Behavior\CheckLangBehavior [ RunTime:0.002000s ]
INFO: [ app_begin ] --END-- [ RunTime:0.005000s ]
SQL: SHOW COLUMNS FROM `nltk_term_relationships` [ RunTime:0.0140s ]
SQL: SELECT COUNT(*) AS tp_count FROM nltk_term_relationships a INNER JOIN nltk_posts as b on a.object_id =b.id INNER JOIN nltk_users as c on b.post_author = c.id  WHERE `post_title` LIKE '%调研%' OR `post_keywords` LIKE '%调研%' LIMIT 1   [ RunTime:0.0030s ]
SQL: SELECT `post_date`,`post_title`,`object_id`,`tid`,`term_id` FROM nltk_term_relationships a INNER JOIN nltk_posts as b on a.object_id =b.id INNER JOIN nltk_users as c on b.post_author = c.id  WHERE `post_title` LIKE '%调研%' OR `post_keywords` LIKE '%调研%' ORDER BY post_date LIMIT 0,20   [ RunTime:0.0180s ]

[ 2017-08-18T21:14:41+08:00 ] ::1 /index.php?g=&m=Search&a=dotest
INFO: [ app_begin ] --START--
INFO: Run Behavior\ReadHtmlCacheBehavior [ RunTime:0.001000s ]
INFO: Run Behavior\CheckLangBehavior [ RunTime:0.003000s ]
INFO: [ app_begin ] --END-- [ RunTime:0.006000s ]
SQL: SHOW COLUMNS FROM `nltk_term_relationships` [ RunTime:0.0640s ]
SQL: SELECT COUNT(*) AS tp_count FROM nltk_term_relationships a INNER JOIN nltk_posts as b on a.object_id =b.id INNER JOIN nltk_users as c on b.post_author = c.id  WHERE `post_title` LIKE '%讲座%' OR `post_keywords` LIKE '%讲座%' LIMIT 1   [ RunTime:0.0020s ]
SQL: SELECT `post_date`,`post_title`,`object_id`,`tid`,`term_id` FROM nltk_term_relationships a INNER JOIN nltk_posts as b on a.object_id =b.id INNER JOIN nltk_users as c on b.post_author = c.id  WHERE `post_title` LIKE '%讲座%' OR `post_keywords` LIKE '%讲座%' ORDER BY post_date LIMIT 0,20   [ RunTime:0.0150s ]

[ 2017-08-18T21:16:01+08:00 ] 192.168.0.100 /index.php?g=&m=Search&a=dotest
INFO: [ app_begin ] --START--
INFO: Run Behavior\ReadHtmlCacheBehavior [ RunTime:0.002000s ]
INFO: Run Behavior\CheckLangBehavior [ RunTime:0.002000s ]
INFO: [ app_begin ] --END-- [ RunTime:0.005000s ]
SQL: SHOW COLUMNS FROM `nltk_term_relationships` [ RunTime:0.0130s ]
SQL: SELECT COUNT(*) AS tp_count FROM nltk_term_relationships a INNER JOIN nltk_posts as b on a.object_id =b.id INNER JOIN nltk_users as c on b.post_author = c.id  WHERE `post_title` LIKE '%调研%' OR `post_keywords` LIKE '%调研%' LIMIT 1   [ RunTime:0.0030s ]
SQL: SELECT `post_date`,`post_title`,`object_id`,`tid`,`term_id` FROM nltk_term_relationships a INNER JOIN nltk_posts as b on a.object_id =b.id INNER JOIN nltk_users as c on b.post_author = c.id  WHERE `post_title` LIKE '%调研%' OR `post_keywords` LIKE '%调研%' ORDER BY post_date LIMIT 0,20   [ RunTime:0.0170s ]

[ 2017-08-18T21:28:42+08:00 ] 192.168.0.100 /index.php?g=&m=Search&a=dotest
INFO: [ app_begin ] --START--
INFO: Run Behavior\ReadHtmlCacheBehavior [ RunTime:0.002000s ]
INFO: Run Behavior\CheckLangBehavior [ RunTime:0.002000s ]
INFO: [ app_begin ] --END-- [ RunTime:0.006000s ]
SQL: SHOW COLUMNS FROM `nltk_term_relationships` [ RunTime:0.0170s ]
SQL: SELECT COUNT(*) AS tp_count FROM nltk_term_relationships a INNER JOIN nltk_posts as b on a.object_id =b.id INNER JOIN nltk_users as c on b.post_author = c.id  WHERE `status` = 1 AND `post_status` = 1 LIMIT 1   [ RunTime:0.0070s ]
SQL: SELECT `post_date`,`post_title`,`object_id`,`tid`,`term_id` FROM nltk_term_relationships a INNER JOIN nltk_posts as b on a.object_id =b.id INNER JOIN nltk_users as c on b.post_author = c.id  WHERE `status` = 1 AND `post_status` = 1 ORDER BY post_date LIMIT 0,20   [ RunTime:0.0660s ]
NOTIC: [8] Undefined variable: pList F:\NLTK\simplewind\Lib\Util\Page.class.php 第 226 行.
NOTIC: [8] Undefined variable: pListStart F:\NLTK\simplewind\Lib\Util\Page.class.php 第 335 行.
NOTIC: [8] Undefined variable: pListEnd F:\NLTK\simplewind\Lib\Util\Page.class.php 第 335 行.
NOTIC: [8] Undefined variable: pFirst F:\NLTK\simplewind\Lib\Util\Page.class.php 第 335 行.
NOTIC: [8] Undefined variable: pPrev F:\NLTK\simplewind\Lib\Util\Page.class.php 第 335 行.

[ 2017-08-18T21:28:52+08:00 ] ::1 /index.php?g=&m=Search&a=dotest
INFO: [ app_begin ] --START--
INFO: Run Behavior\ReadHtmlCacheBehavior [ RunTime:0.001000s ]
INFO: Run Behavior\CheckLangBehavior [ RunTime:0.002000s ]
INFO: [ app_begin ] --END-- [ RunTime:0.004000s ]
SQL: SHOW COLUMNS FROM `nltk_term_relationships` [ RunTime:0.0150s ]
SQL: SELECT COUNT(*) AS tp_count FROM nltk_term_relationships a INNER JOIN nltk_posts as b on a.object_id =b.id INNER JOIN nltk_users as c on b.post_author = c.id  WHERE `status` = 1 AND `post_status` = 1 LIMIT 1   [ RunTime:0.0030s ]
SQL: SELECT `post_date`,`post_title`,`object_id`,`tid`,`term_id` FROM nltk_term_relationships a INNER JOIN nltk_posts as b on a.object_id =b.id INNER JOIN nltk_users as c on b.post_author = c.id  WHERE `status` = 1 AND `post_status` = 1 ORDER BY post_date LIMIT 0,20   [ RunTime:0.0190s ]
NOTIC: [8] Undefined variable: pList F:\NLTK\simplewind\Lib\Util\Page.class.php 第 226 行.
NOTIC: [8] Undefined variable: pListStart F:\NLTK\simplewind\Lib\Util\Page.class.php 第 335 行.
NOTIC: [8] Undefined variable: pListEnd F:\NLTK\simplewind\Lib\Util\Page.class.php 第 335 行.
NOTIC: [8] Undefined variable: pFirst F:\NLTK\simplewind\Lib\Util\Page.class.php 第 335 行.
NOTIC: [8] Undefined variable: pPrev F:\NLTK\simplewind\Lib\Util\Page.class.php 第 335 行.

[ 2017-08-18T21:29:06+08:00 ] 192.168.0.100 /index.php?g=&m=Search&a=dotest
INFO: [ app_begin ] --START--
INFO: Run Behavior\ReadHtmlCacheBehavior [ RunTime:0.001000s ]
INFO: Run Behavior\CheckLangBehavior [ RunTime:0.002000s ]
INFO: [ app_begin ] --END-- [ RunTime:0.004000s ]
SQL: SHOW COLUMNS FROM `nltk_term_relationships` [ RunTime:0.0160s ]
SQL: SELECT COUNT(*) AS tp_count FROM nltk_term_relationships a INNER JOIN nltk_posts as b on a.object_id =b.id INNER JOIN nltk_users as c on b.post_author = c.id  WHERE `status` = 1 AND `post_status` = 1 LIMIT 1   [ RunTime:0.0030s ]
SQL: SELECT `post_date`,`post_title`,`object_id`,`tid`,`term_id` FROM nltk_term_relationships a INNER JOIN nltk_posts as b on a.object_id =b.id INNER JOIN nltk_users as c on b.post_author = c.id  WHERE `status` = 1 AND `post_status` = 1 ORDER BY post_date LIMIT 0,20   [ RunTime:0.0170s ]
NOTIC: [8] Undefined variable: pList F:\NLTK\simplewind\Lib\Util\Page.class.php 第 226 行.
NOTIC: [8] Undefined variable: pListStart F:\NLTK\simplewind\Lib\Util\Page.class.php 第 335 行.
NOTIC: [8] Undefined variable: pListEnd F:\NLTK\simplewind\Lib\Util\Page.class.php 第 335 行.
NOTIC: [8] Undefined variable: pFirst F:\NLTK\simplewind\Lib\Util\Page.class.php 第 335 行.
NOTIC: [8] Undefined variable: pPrev F:\NLTK\simplewind\Lib\Util\Page.class.php 第 335 行.

[ 2017-08-18T21:29:32+08:00 ] ::1 /index.php?g=&m=Search&a=dotest
INFO: [ app_begin ] --START--
INFO: Run Behavior\ReadHtmlCacheBehavior [ RunTime:0.001000s ]
INFO: Run Behavior\CheckLangBehavior [ RunTime:0.002000s ]
INFO: [ app_begin ] --END-- [ RunTime:0.004000s ]
SQL: SHOW COLUMNS FROM `nltk_term_relationships` [ RunTime:0.0140s ]
SQL: SELECT COUNT(*) AS tp_count FROM nltk_term_relationships a INNER JOIN nltk_posts as b on a.object_id =b.id INNER JOIN nltk_users as c on b.post_author = c.id  WHERE `status` = 1 AND `post_status` = 1 LIMIT 1   [ RunTime:0.0020s ]
SQL: SELECT `post_date`,`post_title`,`object_id`,`tid`,`term_id` FROM nltk_term_relationships a INNER JOIN nltk_posts as b on a.object_id =b.id INNER JOIN nltk_users as c on b.post_author = c.id  WHERE `status` = 1 AND `post_status` = 1 ORDER BY post_date LIMIT 0,20   [ RunTime:0.0160s ]
NOTIC: [8] Undefined variable: pList F:\NLTK\simplewind\Lib\Util\Page.class.php 第 226 行.
NOTIC: [8] Undefined variable: pListStart F:\NLTK\simplewind\Lib\Util\Page.class.php 第 335 行.
NOTIC: [8] Undefined variable: pListEnd F:\NLTK\simplewind\Lib\Util\Page.class.php 第 335 行.
NOTIC: [8] Undefined variable: pFirst F:\NLTK\simplewind\Lib\Util\Page.class.php 第 335 行.
NOTIC: [8] Undefined variable: pPrev F:\NLTK\simplewind\Lib\Util\Page.class.php 第 335 行.

[ 2017-08-18T21:29:42+08:00 ] ::1 /index.php?g=&m=Search&a=dotest
INFO: [ app_begin ] --START--
INFO: Run Behavior\ReadHtmlCacheBehavior [ RunTime:0.002000s ]
INFO: Run Behavior\CheckLangBehavior [ RunTime:0.002000s ]
INFO: [ app_begin ] --END-- [ RunTime:0.004000s ]
SQL: SHOW COLUMNS FROM `nltk_term_relationships` [ RunTime:0.0140s ]
SQL: SELECT COUNT(*) AS tp_count FROM nltk_term_relationships a INNER JOIN nltk_posts as b on a.object_id =b.id INNER JOIN nltk_users as c on b.post_author = c.id  WHERE `status` = 1 AND `post_status` = 1 LIMIT 1   [ RunTime:0.0020s ]
SQL: SELECT `post_date`,`post_title`,`object_id`,`tid`,`term_id` FROM nltk_term_relationships a INNER JOIN nltk_posts as b on a.object_id =b.id INNER JOIN nltk_users as c on b.post_author = c.id  WHERE `status` = 1 AND `post_status` = 1 ORDER BY post_date LIMIT 0,20   [ RunTime:0.0170s ]
NOTIC: [8] Undefined variable: pList F:\NLTK\simplewind\Lib\Util\Page.class.php 第 226 行.
NOTIC: [8] Undefined variable: pListStart F:\NLTK\simplewind\Lib\Util\Page.class.php 第 335 行.
NOTIC: [8] Undefined variable: pListEnd F:\NLTK\simplewind\Lib\Util\Page.class.php 第 335 行.
NOTIC: [8] Undefined variable: pFirst F:\NLTK\simplewind\Lib\Util\Page.class.php 第 335 行.
NOTIC: [8] Undefined variable: pPrev F:\NLTK\simplewind\Lib\Util\Page.class.php 第 335 行.

[ 2017-08-18T21:29:48+08:00 ] ::1 /index.php?g=&m=Search&a=dotest
INFO: [ app_begin ] --START--
INFO: Run Behavior\ReadHtmlCacheBehavior [ RunTime:0.001000s ]
INFO: Run Behavior\CheckLangBehavior [ RunTime:0.004000s ]
INFO: [ app_begin ] --END-- [ RunTime:0.006000s ]
SQL: SHOW COLUMNS FROM `nltk_term_relationships` [ RunTime:0.0140s ]
SQL: SELECT COUNT(*) AS tp_count FROM nltk_term_relationships a INNER JOIN nltk_posts as b on a.object_id =b.id INNER JOIN nltk_users as c on b.post_author = c.id  WHERE `status` = 1 AND `post_status` = 1 LIMIT 1   [ RunTime:0.0020s ]
SQL: SELECT `post_date`,`post_title`,`object_id`,`tid`,`term_id` FROM nltk_term_relationships a INNER JOIN nltk_posts as b on a.object_id =b.id INNER JOIN nltk_users as c on b.post_author = c.id  WHERE `status` = 1 AND `post_status` = 1 ORDER BY post_date LIMIT 0,20   [ RunTime:0.0170s ]
NOTIC: [8] Undefined variable: pList F:\NLTK\simplewind\Lib\Util\Page.class.php 第 226 行.
NOTIC: [8] Undefined variable: pListStart F:\NLTK\simplewind\Lib\Util\Page.class.php 第 335 行.
NOTIC: [8] Undefined variable: pListEnd F:\NLTK\simplewind\Lib\Util\Page.class.php 第 335 行.
NOTIC: [8] Undefined variable: pFirst F:\NLTK\simplewind\Lib\Util\Page.class.php 第 335 行.
NOTIC: [8] Undefined variable: pPrev F:\NLTK\simplewind\Lib\Util\Page.class.php 第 335 行.

[ 2017-08-18T21:29:57+08:00 ] ::1 /index.php?g=&m=Search&a=dotest
INFO: [ app_begin ] --START--
INFO: Run Behavior\ReadHtmlCacheBehavior [ RunTime:0.001000s ]
INFO: Run Behavior\CheckLangBehavior [ RunTime:0.002000s ]
INFO: [ app_begin ] --END-- [ RunTime:0.005000s ]
SQL: SHOW COLUMNS FROM `nltk_term_relationships` [ RunTime:0.0150s ]
SQL: SELECT COUNT(*) AS tp_count FROM nltk_term_relationships a INNER JOIN nltk_posts as b on a.object_id =b.id INNER JOIN nltk_users as c on b.post_author = c.id  WHERE `status` = 1 AND `post_status` = 1 LIMIT 1   [ RunTime:0.0030s ]
SQL: SELECT `post_date`,`post_title`,`object_id`,`tid`,`term_id` FROM nltk_term_relationships a INNER JOIN nltk_posts as b on a.object_id =b.id INNER JOIN nltk_users as c on b.post_author = c.id  WHERE `status` = 1 AND `post_status` = 1 ORDER BY post_date LIMIT 0,20   [ RunTime:0.0170s ]
NOTIC: [8] Undefined variable: pList F:\NLTK\simplewind\Lib\Util\Page.class.php 第 226 行.
NOTIC: [8] Undefined variable: pListStart F:\NLTK\simplewind\Lib\Util\Page.class.php 第 335 行.
NOTIC: [8] Undefined variable: pListEnd F:\NLTK\simplewind\Lib\Util\Page.class.php 第 335 行.
NOTIC: [8] Undefined variable: pFirst F:\NLTK\simplewind\Lib\Util\Page.class.php 第 335 行.
NOTIC: [8] Undefined variable: pPrev F:\NLTK\simplewind\Lib\Util\Page.class.php 第 335 行.

[ 2017-08-18T21:30:13+08:00 ] 192.168.0.100 /index.php?g=&m=Search&a=dotest
INFO: [ app_begin ] --START--
INFO: Run Behavior\ReadHtmlCacheBehavior [ RunTime:0.001000s ]
INFO: Run Behavior\CheckLangBehavior [ RunTime:0.003000s ]
INFO: [ app_begin ] --END-- [ RunTime:0.005000s ]
SQL: SHOW COLUMNS FROM `nltk_term_relationships` [ RunTime:0.0140s ]
SQL: SELECT COUNT(*) AS tp_count FROM nltk_term_relationships a INNER JOIN nltk_posts as b on a.object_id =b.id INNER JOIN nltk_users as c on b.post_author = c.id  WHERE `status` = 1 AND `post_status` = 1 AND `post_keywords` LIKE '%调研%' LIMIT 1   [ RunTime:0.0030s ]
SQL: SELECT `post_date`,`post_title`,`object_id`,`tid`,`term_id` FROM nltk_term_relationships a INNER JOIN nltk_posts as b on a.object_id =b.id INNER JOIN nltk_users as c on b.post_author = c.id  WHERE `status` = 1 AND `post_status` = 1 AND `post_keywords` LIKE '%调研%' ORDER BY post_date LIMIT 0,20   [ RunTime:0.0150s ]

[ 2017-08-18T21:30:20+08:00 ] ::1 /index.php?g=&m=Search&a=dotest
INFO: [ app_begin ] --START--
INFO: Run Behavior\ReadHtmlCacheBehavior [ RunTime:0.001000s ]
INFO: Run Behavior\CheckLangBehavior [ RunTime:0.003000s ]
INFO: [ app_begin ] --END-- [ RunTime:0.005000s ]
SQL: SHOW COLUMNS FROM `nltk_term_relationships` [ RunTime:0.0130s ]
SQL: SELECT COUNT(*) AS tp_count FROM nltk_term_relationships a INNER JOIN nltk_posts as b on a.object_id =b.id INNER JOIN nltk_users as c on b.post_author = c.id  WHERE `status` = 1 AND `post_status` = 1 AND `post_keywords` LIKE '%调研%' LIMIT 1   [ RunTime:0.0030s ]
SQL: SELECT `post_date`,`post_title`,`object_id`,`tid`,`term_id` FROM nltk_term_relationships a INNER JOIN nltk_posts as b on a.object_id =b.id INNER JOIN nltk_users as c on b.post_author = c.id  WHERE `status` = 1 AND `post_status` = 1 AND `post_keywords` LIKE '%调研%' ORDER BY post_date LIMIT 0,20   [ RunTime:0.0170s ]

[ 2017-08-18T21:30:32+08:00 ] ::1 /index.php?g=&m=Search&a=dotest
INFO: [ app_begin ] --START--
INFO: Run Behavior\ReadHtmlCacheBehavior [ RunTime:0.002000s ]
INFO: Run Behavior\CheckLangBehavior [ RunTime:0.002000s ]
INFO: [ app_begin ] --END-- [ RunTime:0.005000s ]
SQL: SHOW COLUMNS FROM `nltk_term_relationships` [ RunTime:0.0150s ]
SQL: SELECT COUNT(*) AS tp_count FROM nltk_term_relationships a INNER JOIN nltk_posts as b on a.object_id =b.id INNER JOIN nltk_users as c on b.post_author = c.id  WHERE `status` = 1 AND `post_status` = 1 AND `post_keywords` LIKE '%讲座 调研%' LIMIT 1   [ RunTime:0.0040s ]
SQL: SELECT `post_date`,`post_title`,`object_id`,`tid`,`term_id` FROM nltk_term_relationships a INNER JOIN nltk_posts as b on a.object_id =b.id INNER JOIN nltk_users as c on b.post_author = c.id  WHERE `status` = 1 AND `post_status` = 1 AND `post_keywords` LIKE '%讲座 调研%' ORDER BY post_date LIMIT 0,20   [ RunTime:0.0150s ]

[ 2017-08-18T21:30:43+08:00 ] ::1 /index.php?g=&m=Search&a=dotest
INFO: [ app_begin ] --START--
INFO: Run Behavior\ReadHtmlCacheBehavior [ RunTime:0.001000s ]
INFO: Run Behavior\CheckLangBehavior [ RunTime:0.003000s ]
INFO: [ app_begin ] --END-- [ RunTime:0.006000s ]
SQL: SHOW COLUMNS FROM `nltk_term_relationships` [ RunTime:0.0160s ]
SQL: SELECT COUNT(*) AS tp_count FROM nltk_term_relationships a INNER JOIN nltk_posts as b on a.object_id =b.id INNER JOIN nltk_users as c on b.post_author = c.id  WHERE `status` = 1 AND `post_status` = 1 AND `post_keywords` LIKE '%调研%' LIMIT 1   [ RunTime:0.0030s ]
SQL: SELECT `post_date`,`post_title`,`object_id`,`tid`,`term_id` FROM nltk_term_relationships a INNER JOIN nltk_posts as b on a.object_id =b.id INNER JOIN nltk_users as c on b.post_author = c.id  WHERE `status` = 1 AND `post_status` = 1 AND `post_keywords` LIKE '%调研%' ORDER BY post_date LIMIT 0,20   [ RunTime:0.0190s ]

[ 2017-08-18T21:30:49+08:00 ] ::1 /index.php?g=&m=Search&a=dotest
INFO: [ app_begin ] --START--
INFO: Run Behavior\ReadHtmlCacheBehavior [ RunTime:0.001000s ]
INFO: Run Behavior\CheckLangBehavior [ RunTime:0.003000s ]
INFO: [ app_begin ] --END-- [ RunTime:0.005000s ]
SQL: SHOW COLUMNS FROM `nltk_term_relationships` [ RunTime:0.0150s ]
SQL: SELECT COUNT(*) AS tp_count FROM nltk_term_relationships a INNER JOIN nltk_posts as b on a.object_id =b.id INNER JOIN nltk_users as c on b.post_author = c.id  WHERE `status` = 1 AND `post_status` = 1 AND `post_keywords` LIKE '%讲座%' LIMIT 1   [ RunTime:0.0030s ]
SQL: SELECT `post_date`,`post_title`,`object_id`,`tid`,`term_id` FROM nltk_term_relationships a INNER JOIN nltk_posts as b on a.object_id =b.id INNER JOIN nltk_users as c on b.post_author = c.id  WHERE `status` = 1 AND `post_status` = 1 AND `post_keywords` LIKE '%讲座%' ORDER BY post_date LIMIT 0,20   [ RunTime:0.0150s ]

[ 2017-08-18T21:31:07+08:00 ] ::1 /index.php?g=&m=Search&a=dotest
INFO: [ app_begin ] --START--
INFO: Run Behavior\ReadHtmlCacheBehavior [ RunTime:0.002000s ]
INFO: Run Behavior\CheckLangBehavior [ RunTime:0.002000s ]
INFO: [ app_begin ] --END-- [ RunTime:0.005000s ]
SQL: SHOW COLUMNS FROM `nltk_term_relationships` [ RunTime:0.0140s ]
SQL: SELECT COUNT(*) AS tp_count FROM nltk_term_relationships a INNER JOIN nltk_posts as b on a.object_id =b.id INNER JOIN nltk_users as c on b.post_author = c.id  WHERE `status` = 1 AND `post_status` = 1 AND `post_keywords` LIKE '%家长%' LIMIT 1   [ RunTime:0.0040s ]
SQL: SELECT `post_date`,`post_title`,`object_id`,`tid`,`term_id` FROM nltk_term_relationships a INNER JOIN nltk_posts as b on a.object_id =b.id INNER JOIN nltk_users as c on b.post_author = c.id  WHERE `status` = 1 AND `post_status` = 1 AND `post_keywords` LIKE '%家长%' ORDER BY post_date LIMIT 0,20   [ RunTime:0.0160s ]

[ 2017-08-18T21:32:58+08:00 ] ::1 /index.php?g=&m=Search&a=dotest
INFO: [ app_begin ] --START--
INFO: Run Behavior\ReadHtmlCacheBehavior [ RunTime:0.001000s ]
INFO: Run Behavior\CheckLangBehavior [ RunTime:0.003001s ]
INFO: [ app_begin ] --END-- [ RunTime:0.006001s ]
SQL: SHOW COLUMNS FROM `nltk_term_relationships` [ RunTime:0.0140s ]
SQL: SELECT COUNT(*) AS tp_count FROM nltk_term_relationships a INNER JOIN nltk_posts as b on a.object_id =b.id INNER JOIN nltk_users as c on b.post_author = c.id  WHERE `status` = 1 AND `post_status` = 1 AND `post_keywords` LIKE '%家长%' LIMIT 1   [ RunTime:0.0030s ]
SQL: SELECT `post_date`,`post_title`,`object_id`,`tid`,`term_id` FROM nltk_term_relationships a INNER JOIN nltk_posts as b on a.object_id =b.id INNER JOIN nltk_users as c on b.post_author = c.id  WHERE `status` = 1 AND `post_status` = 1 AND `post_keywords` LIKE '%家长%' ORDER BY post_date LIMIT 0,20   [ RunTime:0.0160s ]

[ 2017-08-18T21:36:25+08:00 ] ::1 /index.php?g=&m=Search&a=dotest
INFO: [ app_begin ] --START--
INFO: Run Behavior\ReadHtmlCacheBehavior [ RunTime:0.002000s ]
INFO: Run Behavior\CheckLangBehavior [ RunTime:0.003000s ]
INFO: [ app_begin ] --END-- [ RunTime:0.006001s ]
SQL: SHOW COLUMNS FROM `nltk_term_relationships` [ RunTime:0.0730s ]
SQL: SELECT COUNT(*) AS tp_count FROM nltk_term_relationships a INNER JOIN nltk_posts as b on a.object_id =b.id INNER JOIN nltk_users as c on b.post_author = c.id  WHERE `status` = 1 AND `post_status` = 1 AND `post_keywords` LIKE '%时间%' LIMIT 1   [ RunTime:0.0030s ]
SQL: SELECT `post_date`,`post_title`,`object_id`,`tid`,`term_id` FROM nltk_term_relationships a INNER JOIN nltk_posts as b on a.object_id =b.id INNER JOIN nltk_users as c on b.post_author = c.id  WHERE `status` = 1 AND `post_status` = 1 AND `post_keywords` LIKE '%时间%' ORDER BY post_date LIMIT 0,20   [ RunTime:0.0150s ]

[ 2017-08-18T21:36:29+08:00 ] ::1 /index.php?g=&m=Search&a=dotest
INFO: [ app_begin ] --START--
INFO: Run Behavior\ReadHtmlCacheBehavior [ RunTime:0.001000s ]
INFO: Run Behavior\CheckLangBehavior [ RunTime:0.003000s ]
INFO: [ app_begin ] --END-- [ RunTime:0.005000s ]
SQL: SHOW COLUMNS FROM `nltk_term_relationships` [ RunTime:0.0150s ]
SQL: SELECT COUNT(*) AS tp_count FROM nltk_term_relationships a INNER JOIN nltk_posts as b on a.object_id =b.id INNER JOIN nltk_users as c on b.post_author = c.id  WHERE `status` = 1 AND `post_status` = 1 AND `post_keywords` LIKE '%家长%' LIMIT 1   [ RunTime:0.0030s ]
SQL: SELECT `post_date`,`post_title`,`object_id`,`tid`,`term_id` FROM nltk_term_relationships a INNER JOIN nltk_posts as b on a.object_id =b.id INNER JOIN nltk_users as c on b.post_author = c.id  WHERE `status` = 1 AND `post_status` = 1 AND `post_keywords` LIKE '%家长%' ORDER BY post_date LIMIT 0,20   [ RunTime:0.0170s ]

[ 2017-08-18T21:36:37+08:00 ] ::1 /index.php?g=&m=Search&a=dotest
INFO: [ app_begin ] --START--
INFO: Run Behavior\ReadHtmlCacheBehavior [ RunTime:0.001000s ]
INFO: Run Behavior\CheckLangBehavior [ RunTime:0.002000s ]
INFO: [ app_begin ] --END-- [ RunTime:0.004000s ]
SQL: SHOW COLUMNS FROM `nltk_term_relationships` [ RunTime:0.0140s ]
SQL: SELECT COUNT(*) AS tp_count FROM nltk_term_relationships a INNER JOIN nltk_posts as b on a.object_id =b.id INNER JOIN nltk_users as c on b.post_author = c.id  WHERE `status` = 1 AND `post_status` = 1 AND `post_keywords` LIKE '%家长%' LIMIT 1   [ RunTime:0.0030s ]
SQL: SELECT `post_date`,`post_title`,`object_id`,`tid`,`term_id` FROM nltk_term_relationships a INNER JOIN nltk_posts as b on a.object_id =b.id INNER JOIN nltk_users as c on b.post_author = c.id  WHERE `status` = 1 AND `post_status` = 1 AND `post_keywords` LIKE '%家长%' ORDER BY post_date LIMIT 0,20   [ RunTime:0.0160s ]

[ 2017-08-18T21:37:27+08:00 ] ::1 /index.php?g=&m=Search&a=dotest
INFO: [ app_begin ] --START--
INFO: Run Behavior\ReadHtmlCacheBehavior [ RunTime:0.002000s ]
INFO: Run Behavior\CheckLangBehavior [ RunTime:0.002000s ]
INFO: [ app_begin ] --END-- [ RunTime:0.004000s ]
SQL: SHOW COLUMNS FROM `nltk_term_relationships` [ RunTime:0.0700s ]
SQL: SELECT COUNT(*) AS tp_count FROM nltk_term_relationships a INNER JOIN nltk_posts as b on a.object_id =b.id INNER JOIN nltk_users as c on b.post_author = c.id  WHERE `status` = 1 AND `post_status` = 1 AND `post_keywords` LIKE '%家长%' LIMIT 1   [ RunTime:0.0030s ]
SQL: SELECT `post_date`,`post_title`,`object_id`,`tid`,`term_id` FROM nltk_term_relationships a INNER JOIN nltk_posts as b on a.object_id =b.id INNER JOIN nltk_users as c on b.post_author = c.id  WHERE `status` = 1 AND `post_status` = 1 AND `post_keywords` LIKE '%家长%' ORDER BY post_date LIMIT 0,20   [ RunTime:0.0140s ]

[ 2017-08-18T21:40:29+08:00 ] ::1 /index.php?g=&m=Search&a=dotest
INFO: [ app_begin ] --START--
INFO: Run Behavior\ReadHtmlCacheBehavior [ RunTime:0.002000s ]
INFO: Run Behavior\CheckLangBehavior [ RunTime:0.002000s ]
INFO: [ app_begin ] --END-- [ RunTime:0.005000s ]
SQL: SHOW COLUMNS FROM `nltk_term_relationships` [ RunTime:0.0140s ]
SQL: SELECT COUNT(*) AS tp_count FROM nltk_term_relationships a INNER JOIN nltk_posts as b on a.object_id =b.id INNER JOIN nltk_users as c on b.post_author = c.id  WHERE `status` = 1 AND `post_status` = 1 AND `post_keywords` LIKE '%测试%' LIMIT 1   [ RunTime:0.0030s ]
SQL: SELECT `post_date`,`post_title`,`object_id`,`tid`,`term_id` FROM nltk_term_relationships a INNER JOIN nltk_posts as b on a.object_id =b.id INNER JOIN nltk_users as c on b.post_author = c.id  WHERE `status` = 1 AND `post_status` = 1 AND `post_keywords` LIKE '%测试%' ORDER BY post_date LIMIT 0,20   [ RunTime:0.0150s ]

[ 2017-08-18T21:40:34+08:00 ] ::1 /index.php?g=&m=Search&a=dotest
INFO: [ app_begin ] --START--
INFO: Run Behavior\ReadHtmlCacheBehavior [ RunTime:0.002000s ]
INFO: Run Behavior\CheckLangBehavior [ RunTime:0.002000s ]
INFO: [ app_begin ] --END-- [ RunTime:0.005000s ]
SQL: SHOW COLUMNS FROM `nltk_term_relationships` [ RunTime:0.0140s ]
SQL: SELECT COUNT(*) AS tp_count FROM nltk_term_relationships a INNER JOIN nltk_posts as b on a.object_id =b.id INNER JOIN nltk_users as c on b.post_author = c.id  WHERE `status` = 1 AND `post_status` = 1 AND `post_keywords` LIKE '%家长%' LIMIT 1   [ RunTime:0.0030s ]
SQL: SELECT `post_date`,`post_title`,`object_id`,`tid`,`term_id` FROM nltk_term_relationships a INNER JOIN nltk_posts as b on a.object_id =b.id INNER JOIN nltk_users as c on b.post_author = c.id  WHERE `status` = 1 AND `post_status` = 1 AND `post_keywords` LIKE '%家长%' ORDER BY post_date LIMIT 0,20   [ RunTime:0.0150s ]

[ 2017-08-18T21:41:09+08:00 ] ::1 /index.php?g=&m=Search&a=dotest
INFO: [ app_begin ] --START--
INFO: Run Behavior\ReadHtmlCacheBehavior [ RunTime:0.002000s ]
INFO: Run Behavior\CheckLangBehavior [ RunTime:0.002000s ]
INFO: [ app_begin ] --END-- [ RunTime:0.005000s ]
SQL: SHOW COLUMNS FROM `nltk_term_relationships` [ RunTime:0.0140s ]
SQL: SELECT COUNT(*) AS tp_count FROM nltk_term_relationships a INNER JOIN nltk_posts as b on a.object_id =b.id INNER JOIN nltk_users as c on b.post_author = c.id  WHERE `status` = 1 AND `post_status` = 1 AND `post_keywords` LIKE '%家长%' LIMIT 1   [ RunTime:0.0030s ]
SQL: SELECT `post_date`,`post_title`,`object_id`,`tid`,`term_id` FROM nltk_term_relationships a INNER JOIN nltk_posts as b on a.object_id =b.id INNER JOIN nltk_users as c on b.post_author = c.id  WHERE `status` = 1 AND `post_status` = 1 AND `post_keywords` LIKE '%家长%' ORDER BY post_date LIMIT 0,20   [ RunTime:0.0160s ]

[ 2017-08-18T21:41:30+08:00 ] ::1 /index.php?g=&m=Search&a=dotest
INFO: [ app_begin ] --START--
INFO: Run Behavior\ReadHtmlCacheBehavior [ RunTime:0.002000s ]
INFO: Run Behavior\CheckLangBehavior [ RunTime:0.002000s ]
INFO: [ app_begin ] --END-- [ RunTime:0.005000s ]
SQL: SHOW COLUMNS FROM `nltk_term_relationships` [ RunTime:0.0140s ]
SQL: SELECT COUNT(*) AS tp_count FROM nltk_term_relationships a INNER JOIN nltk_posts as b on a.object_id =b.id INNER JOIN nltk_users as c on b.post_author = c.id  WHERE `status` = 1 AND `post_status` = 1 AND `post_keywords` LIKE '%暑假%' LIMIT 1   [ RunTime:0.0030s ]
SQL: SELECT `post_date`,`post_title`,`object_id`,`tid`,`term_id` FROM nltk_term_relationships a INNER JOIN nltk_posts as b on a.object_id =b.id INNER JOIN nltk_users as c on b.post_author = c.id  WHERE `status` = 1 AND `post_status` = 1 AND `post_keywords` LIKE '%暑假%' ORDER BY post_date LIMIT 0,20   [ RunTime:0.0150s ]

[ 2017-08-18T21:41:36+08:00 ] ::1 /index.php?g=&m=Search&a=dotest
INFO: [ app_begin ] --START--
INFO: Run Behavior\ReadHtmlCacheBehavior [ RunTime:0.003000s ]
INFO: Run Behavior\CheckLangBehavior [ RunTime:0.003000s ]
INFO: [ app_begin ] --END-- [ RunTime:0.007000s ]
SQL: SHOW COLUMNS FROM `nltk_term_relationships` [ RunTime:0.0140s ]
SQL: SELECT COUNT(*) AS tp_count FROM nltk_term_relationships a INNER JOIN nltk_posts as b on a.object_id =b.id INNER JOIN nltk_users as c on b.post_author = c.id  WHERE `status` = 1 AND `post_status` = 1 AND `post_keywords` LIKE '%实践%' LIMIT 1   [ RunTime:0.0030s ]
SQL: SELECT `post_date`,`post_title`,`object_id`,`tid`,`term_id` FROM nltk_term_relationships a INNER JOIN nltk_posts as b on a.object_id =b.id INNER JOIN nltk_users as c on b.post_author = c.id  WHERE `status` = 1 AND `post_status` = 1 AND `post_keywords` LIKE '%实践%' ORDER BY post_date LIMIT 0,20   [ RunTime:0.0160s ]

[ 2017-08-18T21:53:48+08:00 ] ::1 /index.php?g=&m=Search&a=dotest
INFO: [ app_begin ] --START--
INFO: Run Behavior\ReadHtmlCacheBehavior [ RunTime:0.001000s ]
INFO: Run Behavior\CheckLangBehavior [ RunTime:0.002001s ]
INFO: [ app_begin ] --END-- [ RunTime:0.005001s ]
SQL: SHOW COLUMNS FROM `nltk_term_relationships` [ RunTime:0.0160s ]
SQL: SELECT COUNT(*) AS tp_count FROM nltk_term_relationships a INNER JOIN nltk_posts as b on a.object_id =b.id INNER JOIN nltk_users as c on b.post_author = c.id  WHERE `status` = 1 AND `post_status` = 1 AND `post_keywords` LIKE '%实践%' LIMIT 1   [ RunTime:0.0040s ]
SQL: SELECT `post_date`,`post_title`,`object_id`,`tid`,`term_id` FROM nltk_term_relationships a INNER JOIN nltk_posts as b on a.object_id =b.id INNER JOIN nltk_users as c on b.post_author = c.id  WHERE `status` = 1 AND `post_status` = 1 AND `post_keywords` LIKE '%实践%' ORDER BY post_date LIMIT 0,20   [ RunTime:0.0170s ]

[ 2017-08-18T21:54:58+08:00 ] ::1 /index.php?g=&m=Search&a=dotest
INFO: [ app_begin ] --START--
INFO: Run Behavior\ReadHtmlCacheBehavior [ RunTime:0.002000s ]
INFO: Run Behavior\CheckLangBehavior [ RunTime:0.003000s ]
INFO: [ app_begin ] --END-- [ RunTime:0.007000s ]
SQL: SHOW COLUMNS FROM `nltk_term_relationships` [ RunTime:0.0150s ]
SQL: SELECT COUNT(*) AS tp_count FROM nltk_term_relationships a INNER JOIN nltk_posts as b on a.object_id =b.id INNER JOIN nltk_users as c on b.post_author = c.id  WHERE `status` = 1 AND `post_status` = 1 AND `post_keywords` LIKE '%实践%' LIMIT 1   [ RunTime:0.0030s ]
SQL: SELECT `post_date`,`post_title`,`object_id`,`tid`,`term_id` FROM nltk_term_relationships a INNER JOIN nltk_posts as b on a.object_id =b.id INNER JOIN nltk_users as c on b.post_author = c.id  WHERE `status` = 1 AND `post_status` = 1 AND `post_keywords` LIKE '%实践%' ORDER BY post_date LIMIT 0,20   [ RunTime:0.0160s ]

[ 2017-08-18T21:57:47+08:00 ] ::1 /index.php?g=&m=Search&a=dotest
INFO: [ app_begin ] --START--
INFO: Run Behavior\ReadHtmlCacheBehavior [ RunTime:0.001000s ]
INFO: Run Behavior\CheckLangBehavior [ RunTime:0.003000s ]
INFO: [ app_begin ] --END-- [ RunTime:0.006000s ]
SQL: SHOW COLUMNS FROM `nltk_term_relationships` [ RunTime:0.0210s ]
SQL: SELECT COUNT(*) AS tp_count FROM nltk_term_relationships a INNER JOIN nltk_posts as b on a.object_id =b.id INNER JOIN nltk_users as c on b.post_author = c.id  WHERE `status` = 1 AND `post_status` = 1 AND `post_keywords` LIKE '%实践%' LIMIT 1   [ RunTime:0.0030s ]
SQL: SELECT `post_date`,`post_title`,`object_id`,`tid`,`term_id` FROM nltk_term_relationships a INNER JOIN nltk_posts as b on a.object_id =b.id INNER JOIN nltk_users as c on b.post_author = c.id  WHERE `status` = 1 AND `post_status` = 1 AND `post_keywords` LIKE '%实践%' ORDER BY post_date LIMIT 0,20   [ RunTime:0.0160s ]

[ 2017-08-18T21:58:46+08:00 ] ::1 /index.php?g=&m=Search&a=dotest
INFO: [ app_begin ] --START--
INFO: Run Behavior\ReadHtmlCacheBehavior [ RunTime:0.003000s ]
INFO: Run Behavior\CheckLangBehavior [ RunTime:0.005000s ]
INFO: [ app_begin ] --END-- [ RunTime:0.010000s ]
SQL: SHOW COLUMNS FROM `nltk_term_relationships` [ RunTime:0.0140s ]
SQL: SELECT COUNT(*) AS tp_count FROM nltk_term_relationships a INNER JOIN nltk_posts as b on a.object_id =b.id INNER JOIN nltk_users as c on b.post_author = c.id  WHERE `status` = 1 AND `post_status` = 1 AND `post_keywords` LIKE '%实践%' LIMIT 1   [ RunTime:0.0030s ]
SQL: SELECT `post_date`,`post_title`,`object_id`,`tid`,`term_id` FROM nltk_term_relationships a INNER JOIN nltk_posts as b on a.object_id =b.id INNER JOIN nltk_users as c on b.post_author = c.id  WHERE `status` = 1 AND `post_status` = 1 AND `post_keywords` LIKE '%实践%' ORDER BY post_date LIMIT 0,20   [ RunTime:0.0200s ]

[ 2017-08-18T22:00:31+08:00 ] ::1 /index.php?g=&m=Search&a=dotest
INFO: [ app_begin ] --START--
INFO: Run Behavior\ReadHtmlCacheBehavior [ RunTime:0.001000s ]
INFO: Run Behavior\CheckLangBehavior [ RunTime:0.003000s ]
INFO: [ app_begin ] --END-- [ RunTime:0.005000s ]
SQL: SHOW COLUMNS FROM `nltk_term_relationships` [ RunTime:0.0160s ]
SQL: SELECT COUNT(*) AS tp_count FROM nltk_term_relationships a INNER JOIN nltk_posts as b on a.object_id =b.id INNER JOIN nltk_users as c on b.post_author = c.id  WHERE `status` = 1 AND `post_status` = 1 AND `post_keywords` LIKE '%实践%' LIMIT 1   [ RunTime:0.0030s ]
SQL: SELECT `post_date`,`post_title`,`object_id`,`tid`,`term_id` FROM nltk_term_relationships a INNER JOIN nltk_posts as b on a.object_id =b.id INNER JOIN nltk_users as c on b.post_author = c.id  WHERE `status` = 1 AND `post_status` = 1 AND `post_keywords` LIKE '%实践%' ORDER BY post_date LIMIT 0,20   [ RunTime:0.0170s ]

