[ 2017-09-25T18:08:35+08:00 ] ::1 /index.php?g=&m=search&a=nltkSearch
INFO: [ app_begin ] --START--
INFO: Run Behavior\ReadHtmlCacheBehavior [ RunTime:0.000000s ]
INFO: Run Behavior\CheckLangBehavior [ RunTime:0.001000s ]
INFO: [ app_begin ] --END-- [ RunTime:0.003000s ]
SQL: SHOW COLUMNS FROM `nltk_term_relationships` [ RunTime:0.0110s ]
SQL: SELECT `post_date`,`post_title`,`object_id`,`tid`,`term_id`,`post_keywords` FROM nltk_term_relationships a INNER JOIN nltk_posts as b on a.object_id =b.id INNER JOIN nltk_users as c on b.post_author = c.id  WHERE `post_keywords` LIKE '%实践%' AND `status` = 1 AND `post_status` = 1 ORDER BY post_date asc  [ RunTime:0.0120s ]

[ 2017-09-25T18:28:15+08:00 ] ::1 /index.php?g=&m=search&a=nltkSearch
INFO: [ app_begin ] --START--
INFO: Run Behavior\ReadHtmlCacheBehavior [ RunTime:0.001000s ]
INFO: Run Behavior\CheckLangBehavior [ RunTime:0.001000s ]
INFO: [ app_begin ] --END-- [ RunTime:0.002000s ]
SQL: SHOW COLUMNS FROM `nltk_term_relationships` [ RunTime:0.0120s ]
SQL: SELECT `post_date`,`post_title`,`object_id`,`tid`,`term_id`,`post_keywords` FROM nltk_term_relationships a INNER JOIN nltk_posts as b on a.object_id =b.id INNER JOIN nltk_users as c on b.post_author = c.id  WHERE `post_date` LIKE '%2017-09-12%' AND `status` = 1 AND `post_status` = 1 ORDER BY post_date asc  [ RunTime:0.0110s ]

[ 2017-09-25T18:35:33+08:00 ] ::1 /index.php?g=&m=search&a=nltkSearch
INFO: [ app_begin ] --START--
INFO: Run Behavior\ReadHtmlCacheBehavior [ RunTime:0.000000s ]
INFO: Run Behavior\CheckLangBehavior [ RunTime:0.002000s ]
INFO: [ app_begin ] --END-- [ RunTime:0.003000s ]
SQL: SHOW COLUMNS FROM `nltk_term_relationships` [ RunTime:0.0110s ]
SQL: SELECT `post_date`,`post_title`,`object_id`,`tid`,`term_id`,`post_keywords` FROM nltk_term_relationships a INNER JOIN nltk_posts as b on a.object_id =b.id INNER JOIN nltk_users as c on b.post_author = c.id  WHERE `post_keywords` LIKE '%峰会%' AND `status` = 1 AND `post_status` = 1 ORDER BY post_date asc  [ RunTime:0.0140s ]

[ 2017-09-25T19:20:58+08:00 ] 10.147.254.13 /index.php?g=&m=search&a=nltkSearch
INFO: [ app_begin ] --START--
INFO: Run Behavior\ReadHtmlCacheBehavior [ RunTime:0.002000s ]
INFO: Run Behavior\CheckLangBehavior [ RunTime:0.003000s ]
INFO: [ app_begin ] --END-- [ RunTime:0.007000s ]
SQL: SHOW COLUMNS FROM `nltk_term_relationships` [ RunTime:0.0160s ]
SQL: SELECT `post_date`,`post_title`,`object_id`,`tid`,`term_id`,`post_keywords` FROM nltk_term_relationships a INNER JOIN nltk_posts as b on a.object_id =b.id INNER JOIN nltk_users as c on b.post_author = c.id  WHERE `post_title` LIKE '%珞珈%' AND `status` = 1 AND `post_status` = 1 ORDER BY post_date asc  [ RunTime:0.0310s ]

[ 2017-09-25T19:21:32+08:00 ] 10.147.254.13 /index.php?g=&m=search&a=nltkSearch
INFO: [ app_begin ] --START--
INFO: Run Behavior\ReadHtmlCacheBehavior [ RunTime:0.001000s ]
INFO: Run Behavior\CheckLangBehavior [ RunTime:0.003001s ]
INFO: [ app_begin ] --END-- [ RunTime:0.006001s ]
SQL: SHOW COLUMNS FROM `nltk_term_relationships` [ RunTime:0.0190s ]
SQL: SELECT `post_date`,`post_title`,`object_id`,`tid`,`term_id`,`post_keywords` FROM nltk_term_relationships a INNER JOIN nltk_posts as b on a.object_id =b.id INNER JOIN nltk_users as c on b.post_author = c.id  WHERE `post_keywords` LIKE '%珞珈%' AND `status` = 1 AND `post_status` = 1 ORDER BY post_date asc  [ RunTime:0.0180s ]

[ 2017-09-25T19:31:02+08:00 ] 10.147.254.13 /index.php?g=&m=search&a=nltkSearch
INFO: [ app_begin ] --START--
INFO: Run Behavior\ReadHtmlCacheBehavior [ RunTime:0.001000s ]
INFO: Run Behavior\CheckLangBehavior [ RunTime:0.002000s ]
INFO: [ app_begin ] --END-- [ RunTime:0.005000s ]
SQL: SHOW COLUMNS FROM `nltk_term_relationships` [ RunTime:0.0210s ]
SQL: SELECT `post_date`,`post_title`,`object_id`,`tid`,`term_id`,`post_keywords` FROM nltk_term_relationships a INNER JOIN nltk_posts as b on a.object_id =b.id INNER JOIN nltk_users as c on b.post_author = c.id  WHERE `post_keywords` LIKE '%调研%' AND `status` = 1 AND `post_status` = 1 ORDER BY post_date asc  [ RunTime:0.0210s ]

[ 2017-09-25T19:31:07+08:00 ] 10.147.254.13 /index.php?g=&m=search&a=nltkSearch
INFO: [ app_begin ] --START--
INFO: Run Behavior\ReadHtmlCacheBehavior [ RunTime:0.001000s ]
INFO: Run Behavior\CheckLangBehavior [ RunTime:0.001000s ]
INFO: [ app_begin ] --END-- [ RunTime:0.003000s ]
SQL: SHOW COLUMNS FROM `nltk_term_relationships` [ RunTime:0.0170s ]
SQL: SELECT `post_date`,`post_title`,`object_id`,`tid`,`term_id`,`post_keywords` FROM nltk_term_relationships a INNER JOIN nltk_posts as b on a.object_id =b.id INNER JOIN nltk_users as c on b.post_author = c.id  WHERE `post_keywords` LIKE '%调研%' AND `status` = 1 AND `post_status` = 1 ORDER BY post_date asc  [ RunTime:0.0210s ]

[ 2017-09-25T19:33:24+08:00 ] ::1 /index.php?g=&m=search&a=nltkSearch
INFO: [ app_begin ] --START--
INFO: Run Behavior\ReadHtmlCacheBehavior [ RunTime:0.001000s ]
INFO: Run Behavior\CheckLangBehavior [ RunTime:0.003000s ]
INFO: [ app_begin ] --END-- [ RunTime:0.004000s ]
SQL: SHOW COLUMNS FROM `nltk_term_relationships` [ RunTime:0.0170s ]
SQL: SELECT `post_date`,`post_title`,`object_id`,`tid`,`term_id`,`post_keywords` FROM nltk_term_relationships a INNER JOIN nltk_posts as b on a.object_id =b.id INNER JOIN nltk_users as c on b.post_author = c.id  WHERE `post_keywords` LIKE '%调研‘’%' AND `status` = 1 AND `post_status` = 1 ORDER BY post_date asc  [ RunTime:0.0180s ]

[ 2017-09-25T19:33:27+08:00 ] ::1 /index.php?g=&m=search&a=nltkSearch
INFO: [ app_begin ] --START--
INFO: Run Behavior\ReadHtmlCacheBehavior [ RunTime:0.002001s ]
INFO: Run Behavior\CheckLangBehavior [ RunTime:0.002000s ]
INFO: [ app_begin ] --END-- [ RunTime:0.005001s ]
SQL: SHOW COLUMNS FROM `nltk_term_relationships` [ RunTime:0.0170s ]
SQL: SELECT `post_date`,`post_title`,`object_id`,`tid`,`term_id`,`post_keywords` FROM nltk_term_relationships a INNER JOIN nltk_posts as b on a.object_id =b.id INNER JOIN nltk_users as c on b.post_author = c.id  WHERE `post_keywords` LIKE '%调研‘’%' AND `status` = 1 AND `post_status` = 1 ORDER BY post_date asc  [ RunTime:0.0170s ]

[ 2017-09-25T19:33:33+08:00 ] ::1 /index.php?g=&m=search&a=nltkSearch
INFO: [ app_begin ] --START--
INFO: Run Behavior\ReadHtmlCacheBehavior [ RunTime:0.001000s ]
INFO: Run Behavior\CheckLangBehavior [ RunTime:0.003001s ]
INFO: [ app_begin ] --END-- [ RunTime:0.005001s ]
SQL: SHOW COLUMNS FROM `nltk_term_relationships` [ RunTime:0.0190s ]
SQL: SELECT `post_date`,`post_title`,`object_id`,`tid`,`term_id`,`post_keywords` FROM nltk_term_relationships a INNER JOIN nltk_posts as b on a.object_id =b.id INNER JOIN nltk_users as c on b.post_author = c.id  WHERE `post_keywords` LIKE '%调研%' AND `status` = 1 AND `post_status` = 1 ORDER BY post_date asc  [ RunTime:0.0190s ]

[ 2017-09-25T19:39:08+08:00 ] ::1 /index.php?g=&m=search&a=nltkSearch
INFO: [ app_begin ] --START--
INFO: Run Behavior\ReadHtmlCacheBehavior [ RunTime:0.001001s ]
INFO: Run Behavior\CheckLangBehavior [ RunTime:0.002000s ]
INFO: [ app_begin ] --END-- [ RunTime:0.003001s ]
SQL: SHOW COLUMNS FROM `nltk_term_relationships` [ RunTime:0.0120s ]
SQL: SELECT `post_date`,`post_title`,`object_id`,`tid`,`term_id`,`post_keywords` FROM nltk_term_relationships a INNER JOIN nltk_posts as b on a.object_id =b.id INNER JOIN nltk_users as c on b.post_author = c.id  WHERE `post_keywords` LIKE '%调研%' AND `status` = 1 AND `post_status` = 1 ORDER BY post_date asc  [ RunTime:0.0130s ]

[ 2017-09-25T19:39:21+08:00 ] ::1 /index.php?g=&m=search&a=nltkSearch
INFO: [ app_begin ] --START--
INFO: Run Behavior\ReadHtmlCacheBehavior [ RunTime:0.001000s ]
INFO: Run Behavior\CheckLangBehavior [ RunTime:0.003000s ]
INFO: [ app_begin ] --END-- [ RunTime:0.005000s ]
SQL: SHOW COLUMNS FROM `nltk_term_relationships` [ RunTime:0.0130s ]
SQL: SELECT `post_date`,`post_title`,`object_id`,`tid`,`term_id`,`post_keywords` FROM nltk_term_relationships a INNER JOIN nltk_posts as b on a.object_id =b.id INNER JOIN nltk_users as c on b.post_author = c.id  WHERE `post_keywords` LIKE '%研究%' AND `status` = 1 AND `post_status` = 1 ORDER BY post_date asc  [ RunTime:0.0130s ]

