[ 2017-09-03T20:42:49+08:00 ] ::1 /index.php?g=&m=search&a=nltkSearch
INFO: [ app_begin ] --START--
INFO: Run Behavior\ReadHtmlCacheBehavior [ RunTime:0.001000s ]
INFO: Run Behavior\CheckLangBehavior [ RunTime:0.002000s ]
INFO: [ app_begin ] --END-- [ RunTime:0.005000s ]
SQL: SHOW COLUMNS FROM `nltk_term_relationships` [ RunTime:0.0150s ]
SQL: SELECT COUNT(*) AS tp_count FROM nltk_term_relationships a INNER JOIN nltk_posts as b on a.object_id =b.id INNER JOIN nltk_users as c on b.post_author = c.id  WHERE `post_keywords` LIKE '%调研%' AND `status` = 1 AND `post_status` = 1 LIMIT 1   [ RunTime:0.0040s ]
SQL: SELECT `post_date`,`post_title`,`object_id`,`tid`,`term_id` FROM nltk_term_relationships a INNER JOIN nltk_posts as b on a.object_id =b.id INNER JOIN nltk_users as c on b.post_author = c.id  WHERE `post_keywords` LIKE '%调研%' AND `status` = 1 AND `post_status` = 1 ORDER BY post_date asc LIMIT 0,20   [ RunTime:0.0150s ]

[ 2017-09-03T20:43:29+08:00 ] ::1 /index.php?g=&m=search&a=nltkSearch
INFO: [ app_begin ] --START--
INFO: Run Behavior\ReadHtmlCacheBehavior [ RunTime:0.001000s ]
INFO: Run Behavior\CheckLangBehavior [ RunTime:0.002001s ]
INFO: [ app_begin ] --END-- [ RunTime:0.004001s ]
SQL: SHOW COLUMNS FROM `nltk_term_relationships` [ RunTime:0.0160s ]
SQL: SELECT COUNT(*) AS tp_count FROM nltk_term_relationships a INNER JOIN nltk_posts as b on a.object_id =b.id INNER JOIN nltk_users as c on b.post_author = c.id  WHERE `post_keywords` LIKE '%调研%' AND `status` = 1 AND `post_status` = 1 LIMIT 1   [ RunTime:0.0030s ]
SQL: SELECT `post_date`,`post_title`,`object_id`,`tid`,`term_id` FROM nltk_term_relationships a INNER JOIN nltk_posts as b on a.object_id =b.id INNER JOIN nltk_users as c on b.post_author = c.id  WHERE `post_keywords` LIKE '%调研%' AND `status` = 1 AND `post_status` = 1 ORDER BY post_date asc LIMIT 0,20   [ RunTime:0.0170s ]

[ 2017-09-03T20:43:58+08:00 ] ::1 /index.php?g=&m=search&a=nltkSearch
INFO: [ app_begin ] --START--
INFO: Run Behavior\ReadHtmlCacheBehavior [ RunTime:0.002000s ]
INFO: Run Behavior\CheckLangBehavior [ RunTime:0.001000s ]
INFO: [ app_begin ] --END-- [ RunTime:0.006000s ]
SQL: SHOW COLUMNS FROM `nltk_term_relationships` [ RunTime:0.0150s ]
SQL: SELECT COUNT(*) AS tp_count FROM nltk_term_relationships a INNER JOIN nltk_posts as b on a.object_id =b.id INNER JOIN nltk_users as c on b.post_author = c.id  WHERE `post_keywords` LIKE '%调研%' AND (  `post_title` LIKE '%调研%' ) AND `status` = 1 AND `post_status` = 1 LIMIT 1   [ RunTime:0.0030s ]
SQL: SELECT `post_date`,`post_title`,`object_id`,`tid`,`term_id` FROM nltk_term_relationships a INNER JOIN nltk_posts as b on a.object_id =b.id INNER JOIN nltk_users as c on b.post_author = c.id  WHERE `post_keywords` LIKE '%调研%' AND (  `post_title` LIKE '%调研%' ) AND `status` = 1 AND `post_status` = 1 ORDER BY post_date asc LIMIT 0,20   [ RunTime:0.0180s ]

[ 2017-09-03T20:44:05+08:00 ] ::1 /index.php?g=&m=search&a=nltkSearch
INFO: [ app_begin ] --START--
INFO: Run Behavior\ReadHtmlCacheBehavior [ RunTime:0.001001s ]
INFO: Run Behavior\CheckLangBehavior [ RunTime:0.003000s ]
INFO: [ app_begin ] --END-- [ RunTime:0.004001s ]
SQL: SHOW COLUMNS FROM `nltk_term_relationships` [ RunTime:0.0160s ]
SQL: SELECT COUNT(*) AS tp_count FROM nltk_term_relationships a INNER JOIN nltk_posts as b on a.object_id =b.id INNER JOIN nltk_users as c on b.post_author = c.id  WHERE `post_title` LIKE '%调研%' AND `status` = 1 AND `post_status` = 1 LIMIT 1   [ RunTime:0.0460s ]
SQL: SELECT `post_date`,`post_title`,`object_id`,`tid`,`term_id` FROM nltk_term_relationships a INNER JOIN nltk_posts as b on a.object_id =b.id INNER JOIN nltk_users as c on b.post_author = c.id  WHERE `post_title` LIKE '%调研%' AND `status` = 1 AND `post_status` = 1 ORDER BY post_date asc LIMIT 0,20   [ RunTime:0.0170s ]

