[ 2017-11-06T18:30:02+08:00 ] ::1 /index.php?g=&m=search&a=nltkSearch
INFO: [ app_begin ] --START--
INFO: Run Behavior\ReadHtmlCacheBehavior [ RunTime:0.001000s ]
INFO: Run Behavior\CheckLangBehavior [ RunTime:0.001000s ]
INFO: [ app_begin ] --END-- [ RunTime:0.003000s ]
SQL: SHOW COLUMNS FROM `nltk_term_relationships` [ RunTime:0.0150s ]
SQL: SELECT `post_date`,`post_title`,`object_id`,`tid`,`term_id`,`coll_id`,`post_keywords` FROM nltk_term_relationships a INNER JOIN nltk_posts as b on a.object_id =b.id INNER JOIN nltk_users as c on b.post_author = c.id  WHERE `post_keywords` LIKE '%调研%' AND `status` = 1 AND `post_status` = 1 ORDER BY post_date asc  [ RunTime:0.0640s ]

[ 2017-11-06T18:30:35+08:00 ] ::1 /index.php?g=&m=search&a=nltkSearch
INFO: [ app_begin ] --START--
INFO: Run Behavior\ReadHtmlCacheBehavior [ RunTime:0.001000s ]
INFO: Run Behavior\CheckLangBehavior [ RunTime:0.001000s ]
INFO: [ app_begin ] --END-- [ RunTime:0.003000s ]
SQL: SHOW COLUMNS FROM `nltk_term_relationships` [ RunTime:0.0100s ]
SQL: SELECT `post_date`,`post_title`,`object_id`,`tid`,`term_id`,`coll_id`,`post_keywords` FROM nltk_term_relationships a INNER JOIN nltk_posts as b on a.object_id =b.id INNER JOIN nltk_users as c on b.post_author = c.id  WHERE `post_keywords` LIKE '%调研%' AND `status` = 1 AND `post_status` = 1 ORDER BY post_date asc  [ RunTime:0.0110s ]

[ 2017-11-06T18:32:33+08:00 ] ::1 /index.php?g=&m=search&a=nltkSearch
INFO: [ app_begin ] --START--
INFO: Run Behavior\ReadHtmlCacheBehavior [ RunTime:0.001000s ]
INFO: Run Behavior\CheckLangBehavior [ RunTime:0.001000s ]
INFO: [ app_begin ] --END-- [ RunTime:0.003000s ]
SQL: SHOW COLUMNS FROM `nltk_term_relationships` [ RunTime:0.0150s ]
SQL: SELECT `post_date`,`post_title`,`object_id`,`tid`,`term_id`,`coll_id`,`post_keywords` FROM nltk_term_relationships a INNER JOIN nltk_posts as b on a.object_id =b.id INNER JOIN nltk_users as c on b.post_author = c.id  WHERE `post_keywords` LIKE '%调研%' AND `status` = 1 AND `post_status` = 1 ORDER BY post_date asc  [ RunTime:0.0120s ]

[ 2017-11-06T18:50:01+08:00 ] ::1 /index.php?g=&m=search&a=nltkSearch
INFO: [ app_begin ] --START--
INFO: Run Behavior\ReadHtmlCacheBehavior [ RunTime:0.001000s ]
INFO: Run Behavior\CheckLangBehavior [ RunTime:0.002000s ]
INFO: [ app_begin ] --END-- [ RunTime:0.003000s ]
SQL: SHOW COLUMNS FROM `nltk_term_relationships` [ RunTime:0.0150s ]
SQL: SELECT `post_date`,`post_title`,`object_id`,`tid`,`term_id`,`coll_id`,`post_keywords` FROM nltk_term_relationships a INNER JOIN nltk_posts as b on a.object_id =b.id INNER JOIN nltk_users as c on b.post_author = c.id  WHERE `post_keywords` LIKE '%调研%' AND `status` = 1 AND `post_status` = 1 ORDER BY post_date asc  [ RunTime:0.0120s ]

[ 2017-11-06T18:50:17+08:00 ] ::1 /index.php?g=&m=search&a=nltkSearch
INFO: [ app_begin ] --START--
INFO: Run Behavior\ReadHtmlCacheBehavior [ RunTime:0.001000s ]
INFO: Run Behavior\CheckLangBehavior [ RunTime:0.001000s ]
INFO: [ app_begin ] --END-- [ RunTime:0.002000s ]
SQL: SHOW COLUMNS FROM `nltk_term_relationships` [ RunTime:0.0150s ]
SQL: SELECT `post_date`,`post_title`,`object_id`,`tid`,`term_id`,`coll_id`,`post_keywords` FROM nltk_term_relationships a INNER JOIN nltk_posts as b on a.object_id =b.id INNER JOIN nltk_users as c on b.post_author = c.id  WHERE `post_keywords` LIKE '%调研%' AND `status` = 1 AND `post_status` = 1 ORDER BY post_date asc  [ RunTime:0.0180s ]

[ 2017-11-06T18:52:15+08:00 ] ::1 /index.php?g=&m=search&a=nltkSearch
INFO: [ app_begin ] --START--
INFO: Run Behavior\ReadHtmlCacheBehavior [ RunTime:0.001000s ]
INFO: Run Behavior\CheckLangBehavior [ RunTime:0.001000s ]
INFO: [ app_begin ] --END-- [ RunTime:0.002000s ]
SQL: SHOW COLUMNS FROM `nltk_term_relationships` [ RunTime:0.0150s ]
SQL: SELECT `post_date`,`post_title`,`object_id`,`tid`,`term_id`,`coll_id`,`post_keywords` FROM nltk_term_relationships a INNER JOIN nltk_posts as b on a.object_id =b.id INNER JOIN nltk_users as c on b.post_author = c.id  WHERE `post_keywords` LIKE '%调研%' AND `status` = 1 AND `post_status` = 1 ORDER BY post_date asc  [ RunTime:0.0160s ]

[ 2017-11-06T18:52:52+08:00 ] ::1 /index.php?g=&m=search&a=nltkSearch
INFO: [ app_begin ] --START--
INFO: Run Behavior\ReadHtmlCacheBehavior [ RunTime:0.001000s ]
INFO: Run Behavior\CheckLangBehavior [ RunTime:0.001000s ]
INFO: [ app_begin ] --END-- [ RunTime:0.003000s ]
SQL: SHOW COLUMNS FROM `nltk_term_relationships` [ RunTime:0.0150s ]
SQL: SELECT `post_date`,`post_title`,`object_id`,`tid`,`term_id`,`coll_id`,`post_keywords` FROM nltk_term_relationships a INNER JOIN nltk_posts as b on a.object_id =b.id INNER JOIN nltk_users as c on b.post_author = c.id  WHERE `post_keywords` LIKE '%调研%' AND `status` = 1 AND `post_status` = 1 ORDER BY post_date asc  [ RunTime:0.0160s ]

[ 2017-11-06T18:53:52+08:00 ] ::1 /index.php?g=&m=search&a=nltkSearch
INFO: [ app_begin ] --START--
INFO: Run Behavior\ReadHtmlCacheBehavior [ RunTime:0.002000s ]
INFO: Run Behavior\CheckLangBehavior [ RunTime:0.001000s ]
INFO: [ app_begin ] --END-- [ RunTime:0.003000s ]
SQL: SHOW COLUMNS FROM `nltk_term_relationships` [ RunTime:0.0150s ]
SQL: SELECT `post_date`,`post_title`,`object_id`,`tid`,`term_id`,`coll_id`,`post_keywords` FROM nltk_term_relationships a INNER JOIN nltk_posts as b on a.object_id =b.id INNER JOIN nltk_users as c on b.post_author = c.id  WHERE `post_keywords` LIKE '%调研%' AND `status` = 1 AND `post_status` = 1 ORDER BY post_date asc  [ RunTime:0.0160s ]

[ 2017-11-06T18:54:26+08:00 ] ::1 /index.php?g=&m=search&a=nltkSearch
INFO: [ app_begin ] --START--
INFO: Run Behavior\ReadHtmlCacheBehavior [ RunTime:0.002000s ]
INFO: Run Behavior\CheckLangBehavior [ RunTime:0.003000s ]
INFO: [ app_begin ] --END-- [ RunTime:0.005000s ]
SQL: SHOW COLUMNS FROM `nltk_term_relationships` [ RunTime:0.0160s ]
SQL: SELECT `post_date`,`post_title`,`object_id`,`tid`,`term_id`,`coll_id`,`post_keywords` FROM nltk_term_relationships a INNER JOIN nltk_posts as b on a.object_id =b.id INNER JOIN nltk_users as c on b.post_author = c.id  WHERE `post_keywords` LIKE '%调研%' AND `status` = 1 AND `post_status` = 1 ORDER BY post_date asc  [ RunTime:0.0140s ]

[ 2017-11-06T18:54:54+08:00 ] ::1 /index.php?g=&m=search&a=nltkSearch
INFO: [ app_begin ] --START--
INFO: Run Behavior\ReadHtmlCacheBehavior [ RunTime:0.001000s ]
INFO: Run Behavior\CheckLangBehavior [ RunTime:0.001000s ]
INFO: [ app_begin ] --END-- [ RunTime:0.003000s ]
SQL: SHOW COLUMNS FROM `nltk_term_relationships` [ RunTime:0.0150s ]
SQL: SELECT `post_date`,`post_title`,`object_id`,`tid`,`term_id`,`coll_id`,`post_keywords` FROM nltk_term_relationships a INNER JOIN nltk_posts as b on a.object_id =b.id INNER JOIN nltk_users as c on b.post_author = c.id  WHERE `post_keywords` LIKE '%调研%' AND `status` = 1 AND `post_status` = 1 ORDER BY post_date asc  [ RunTime:0.0170s ]

[ 2017-11-06T18:55:59+08:00 ] ::1 /index.php?g=&m=search&a=nltkSearch
INFO: [ app_begin ] --START--
INFO: Run Behavior\ReadHtmlCacheBehavior [ RunTime:0.001000s ]
INFO: Run Behavior\CheckLangBehavior [ RunTime:0.001000s ]
INFO: [ app_begin ] --END-- [ RunTime:0.003000s ]
SQL: SHOW COLUMNS FROM `nltk_term_relationships` [ RunTime:0.0160s ]
SQL: SELECT `post_date`,`post_title`,`object_id`,`tid`,`term_id`,`coll_id`,`post_keywords` FROM nltk_term_relationships a INNER JOIN nltk_posts as b on a.object_id =b.id INNER JOIN nltk_users as c on b.post_author = c.id  WHERE `post_keywords` LIKE '%调研%' AND `status` = 1 AND `post_status` = 1 ORDER BY post_date asc  [ RunTime:0.0170s ]

[ 2017-11-06T19:05:19+08:00 ] ::1 /index.php?g=&m=search&a=nltkSearch
INFO: [ app_begin ] --START--
INFO: Run Behavior\ReadHtmlCacheBehavior [ RunTime:0.001000s ]
INFO: Run Behavior\CheckLangBehavior [ RunTime:0.002000s ]
INFO: [ app_begin ] --END-- [ RunTime:0.004000s ]
SQL: SHOW COLUMNS FROM `nltk_term_relationships` [ RunTime:0.0090s ]
SQL: SELECT `post_date`,`post_title`,`object_id`,`tid`,`term_id`,`coll_id`,`post_keywords` FROM nltk_term_relationships a INNER JOIN nltk_posts as b on a.object_id =b.id INNER JOIN nltk_users as c on b.post_author = c.id  WHERE `post_keywords` LIKE '%调研%' AND `status` = 1 AND `post_status` = 1 ORDER BY post_date asc  [ RunTime:0.0120s ]

[ 2017-11-06T19:07:08+08:00 ] ::1 /index.php?g=&m=search&a=nltkSearch
INFO: [ app_begin ] --START--
INFO: Run Behavior\ReadHtmlCacheBehavior [ RunTime:0.001000s ]
INFO: Run Behavior\CheckLangBehavior [ RunTime:0.002000s ]
INFO: [ app_begin ] --END-- [ RunTime:0.004001s ]
SQL: SHOW COLUMNS FROM `nltk_term_relationships` [ RunTime:0.0150s ]
SQL: SELECT `post_date`,`post_title`,`object_id`,`tid`,`term_id`,`coll_id`,`post_keywords` FROM nltk_term_relationships a INNER JOIN nltk_posts as b on a.object_id =b.id INNER JOIN nltk_users as c on b.post_author = c.id  WHERE `post_keywords` LIKE '%调研%' AND `status` = 1 AND `post_status` = 1 ORDER BY post_date asc  [ RunTime:0.0150s ]

[ 2017-11-06T19:07:39+08:00 ] ::1 /index.php?g=&m=search&a=nltkSearch
INFO: [ app_begin ] --START--
INFO: Run Behavior\ReadHtmlCacheBehavior [ RunTime:0.001000s ]
INFO: Run Behavior\CheckLangBehavior [ RunTime:0.002000s ]
INFO: [ app_begin ] --END-- [ RunTime:0.005000s ]
SQL: SHOW COLUMNS FROM `nltk_term_relationships` [ RunTime:0.0110s ]
SQL: SELECT `post_date`,`post_title`,`object_id`,`tid`,`term_id`,`coll_id`,`post_keywords` FROM nltk_term_relationships a INNER JOIN nltk_posts as b on a.object_id =b.id INNER JOIN nltk_users as c on b.post_author = c.id  WHERE `post_keywords` LIKE '%调研%' AND `status` = 1 AND `post_status` = 1 ORDER BY post_date asc  [ RunTime:0.0140s ]

[ 2017-11-06T19:08:26+08:00 ] ::1 /index.php?g=&m=search&a=nltkSearch
INFO: [ app_begin ] --START--
INFO: Run Behavior\ReadHtmlCacheBehavior [ RunTime:0.000000s ]
INFO: Run Behavior\CheckLangBehavior [ RunTime:0.000000s ]
INFO: [ app_begin ] --END-- [ RunTime:0.000000s ]
SQL: SHOW COLUMNS FROM `nltk_term_relationships` [ RunTime:0.0110s ]
SQL: SELECT `post_date`,`post_title`,`object_id`,`tid`,`term_id`,`coll_id`,`post_keywords` FROM nltk_term_relationships a INNER JOIN nltk_posts as b on a.object_id =b.id INNER JOIN nltk_users as c on b.post_author = c.id  WHERE `post_keywords` LIKE '%调研%' AND `status` = 1 AND `post_status` = 1 ORDER BY post_date asc  [ RunTime:0.0120s ]

[ 2017-11-06T19:09:11+08:00 ] ::1 /index.php?g=&m=search&a=nltkSearch
INFO: [ app_begin ] --START--
INFO: Run Behavior\ReadHtmlCacheBehavior [ RunTime:0.001000s ]
INFO: Run Behavior\CheckLangBehavior [ RunTime:0.001000s ]
INFO: [ app_begin ] --END-- [ RunTime:0.003000s ]
SQL: SHOW COLUMNS FROM `nltk_term_relationships` [ RunTime:0.0156s ]
SQL: SELECT `post_date`,`post_title`,`object_id`,`tid`,`term_id`,`coll_id`,`post_keywords` FROM nltk_term_relationships a INNER JOIN nltk_posts as b on a.object_id =b.id INNER JOIN nltk_users as c on b.post_author = c.id  WHERE `post_keywords` LIKE '%调研%' AND `status` = 1 AND `post_status` = 1 ORDER BY post_date asc  [ RunTime:0.0176s ]

[ 2017-11-06T19:10:31+08:00 ] ::1 /index.php?g=&m=search&a=nltkSearch
INFO: [ app_begin ] --START--
INFO: Run Behavior\ReadHtmlCacheBehavior [ RunTime:0.000000s ]
INFO: Run Behavior\CheckLangBehavior [ RunTime:0.002000s ]
INFO: [ app_begin ] --END-- [ RunTime:0.003000s ]
SQL: SHOW COLUMNS FROM `nltk_term_relationships` [ RunTime:0.0140s ]
SQL: SELECT `post_date`,`post_title`,`object_id`,`tid`,`term_id`,`coll_id`,`post_keywords` FROM nltk_term_relationships a INNER JOIN nltk_posts as b on a.object_id =b.id INNER JOIN nltk_users as c on b.post_author = c.id  WHERE `post_keywords` LIKE '%调研%' AND `status` = 1 AND `post_status` = 1 ORDER BY post_date asc  [ RunTime:0.0120s ]

[ 2017-11-06T19:11:30+08:00 ] ::1 /index.php?g=&m=search&a=nltkSearch
INFO: [ app_begin ] --START--
INFO: Run Behavior\ReadHtmlCacheBehavior [ RunTime:0.001001s ]
INFO: Run Behavior\CheckLangBehavior [ RunTime:0.002000s ]
INFO: [ app_begin ] --END-- [ RunTime:0.005001s ]
SQL: SHOW COLUMNS FROM `nltk_term_relationships` [ RunTime:0.0120s ]
SQL: SELECT `post_date`,`post_title`,`object_id`,`tid`,`term_id`,`coll_id`,`post_keywords` FROM nltk_term_relationships a INNER JOIN nltk_posts as b on a.object_id =b.id INNER JOIN nltk_users as c on b.post_author = c.id  WHERE `post_keywords` LIKE '%调研%' AND `status` = 1 AND `post_status` = 1 ORDER BY post_date asc  [ RunTime:0.0130s ]

[ 2017-11-06T19:11:47+08:00 ] ::1 /index.php?g=&m=search&a=nltkSearch
INFO: [ app_begin ] --START--
INFO: Run Behavior\ReadHtmlCacheBehavior [ RunTime:0.000000s ]
INFO: Run Behavior\CheckLangBehavior [ RunTime:0.000000s ]
INFO: [ app_begin ] --END-- [ RunTime:0.015600s ]
SQL: SHOW COLUMNS FROM `nltk_term_relationships` [ RunTime:0.0000s ]
SQL: SELECT `post_date`,`post_title`,`object_id`,`tid`,`term_id`,`coll_id`,`post_keywords` FROM nltk_term_relationships a INNER JOIN nltk_posts as b on a.object_id =b.id INNER JOIN nltk_users as c on b.post_author = c.id  WHERE `post_keywords` LIKE '%研究%' AND `status` = 1 AND `post_status` = 1 ORDER BY post_date asc  [ RunTime:0.0156s ]

[ 2017-11-06T19:12:06+08:00 ] ::1 /index.php?g=&m=search&a=nltkSearch
INFO: [ app_begin ] --START--
INFO: Run Behavior\ReadHtmlCacheBehavior [ RunTime:0.000000s ]
INFO: Run Behavior\CheckLangBehavior [ RunTime:0.002000s ]
INFO: [ app_begin ] --END-- [ RunTime:0.003000s ]
SQL: SHOW COLUMNS FROM `nltk_term_relationships` [ RunTime:0.0190s ]
SQL: SELECT `post_date`,`post_title`,`object_id`,`tid`,`term_id`,`coll_id`,`post_keywords` FROM nltk_term_relationships a INNER JOIN nltk_posts as b on a.object_id =b.id INNER JOIN nltk_users as c on b.post_author = c.id  WHERE `post_title` LIKE '%研究生%' AND `status` = 1 AND `post_status` = 1 ORDER BY post_date asc  [ RunTime:0.0170s ]

[ 2017-11-06T19:12:34+08:00 ] ::1 /index.php?g=&m=search&a=nltkSearch
INFO: [ app_begin ] --START--
INFO: Run Behavior\ReadHtmlCacheBehavior [ RunTime:0.001000s ]
INFO: Run Behavior\CheckLangBehavior [ RunTime:0.002000s ]
INFO: [ app_begin ] --END-- [ RunTime:0.003000s ]
SQL: SHOW COLUMNS FROM `nltk_term_relationships` [ RunTime:0.0150s ]
SQL: SELECT `post_date`,`post_title`,`object_id`,`tid`,`term_id`,`coll_id`,`post_keywords` FROM nltk_term_relationships a INNER JOIN nltk_posts as b on a.object_id =b.id INNER JOIN nltk_users as c on b.post_author = c.id  WHERE `post_keywords` LIKE '%长江%' AND `status` = 1 AND `post_status` = 1 ORDER BY post_date asc  [ RunTime:0.0160s ]

[ 2017-11-06T19:12:43+08:00 ] ::1 /index.php?g=&m=search&a=nltkSearch
INFO: [ app_begin ] --START--
INFO: Run Behavior\ReadHtmlCacheBehavior [ RunTime:0.001000s ]
INFO: Run Behavior\CheckLangBehavior [ RunTime:0.001000s ]
INFO: [ app_begin ] --END-- [ RunTime:0.002000s ]
SQL: SHOW COLUMNS FROM `nltk_term_relationships` [ RunTime:0.0150s ]
SQL: SELECT `post_date`,`post_title`,`object_id`,`tid`,`term_id`,`coll_id`,`post_keywords` FROM nltk_term_relationships a INNER JOIN nltk_posts as b on a.object_id =b.id INNER JOIN nltk_users as c on b.post_author = c.id  WHERE `post_title` LIKE '%计划%' AND `status` = 1 AND `post_status` = 1 ORDER BY post_date asc  [ RunTime:0.0190s ]

[ 2017-11-06T19:12:52+08:00 ] ::1 /index.php?g=&m=search&a=nltkSearch
INFO: [ app_begin ] --START--
INFO: Run Behavior\ReadHtmlCacheBehavior [ RunTime:0.001000s ]
INFO: Run Behavior\CheckLangBehavior [ RunTime:0.001000s ]
INFO: [ app_begin ] --END-- [ RunTime:0.002000s ]
SQL: SHOW COLUMNS FROM `nltk_term_relationships` [ RunTime:0.0150s ]
SQL: SELECT `post_date`,`post_title`,`object_id`,`tid`,`term_id`,`coll_id`,`post_keywords` FROM nltk_term_relationships a INNER JOIN nltk_posts as b on a.object_id =b.id INNER JOIN nltk_users as c on b.post_author = c.id  WHERE `post_title` LIKE '%的%' AND `status` = 1 AND `post_status` = 1 ORDER BY post_date asc  [ RunTime:0.0160s ]

[ 2017-11-06T19:14:04+08:00 ] ::1 /index.php?g=&m=search&a=nltkSearch
INFO: [ app_begin ] --START--
INFO: Run Behavior\ReadHtmlCacheBehavior [ RunTime:0.002000s ]
INFO: Run Behavior\CheckLangBehavior [ RunTime:0.003000s ]
INFO: [ app_begin ] --END-- [ RunTime:0.006000s ]
SQL: SHOW COLUMNS FROM `nltk_term_relationships` [ RunTime:0.0110s ]
SQL: SELECT `post_date`,`post_title`,`object_id`,`tid`,`term_id`,`coll_id`,`post_keywords` FROM nltk_term_relationships a INNER JOIN nltk_posts as b on a.object_id =b.id INNER JOIN nltk_users as c on b.post_author = c.id  WHERE `post_keywords` LIKE '%实践%' AND `status` = 1 AND `post_status` = 1 ORDER BY post_date asc  [ RunTime:0.0110s ]

[ 2017-11-06T19:14:16+08:00 ] ::1 /index.php?g=&m=search&a=nltkSearch
INFO: [ app_begin ] --START--
INFO: Run Behavior\ReadHtmlCacheBehavior [ RunTime:0.000000s ]
INFO: Run Behavior\CheckLangBehavior [ RunTime:0.002000s ]
INFO: [ app_begin ] --END-- [ RunTime:0.003000s ]
SQL: SHOW COLUMNS FROM `nltk_term_relationships` [ RunTime:0.0160s ]
SQL: SELECT `post_date`,`post_title`,`object_id`,`tid`,`term_id`,`coll_id`,`post_keywords` FROM nltk_term_relationships a INNER JOIN nltk_posts as b on a.object_id =b.id INNER JOIN nltk_users as c on b.post_author = c.id  WHERE `post_title` LIKE '%的%' AND `status` = 1 AND `post_status` = 1 ORDER BY post_date asc  [ RunTime:0.0120s ]

[ 2017-11-06T19:17:42+08:00 ] ::1 /index.php?g=&m=search&a=nltkSearch
INFO: [ app_begin ] --START--
INFO: Run Behavior\ReadHtmlCacheBehavior [ RunTime:0.001000s ]
INFO: Run Behavior\CheckLangBehavior [ RunTime:0.002000s ]
INFO: [ app_begin ] --END-- [ RunTime:0.004000s ]
SQL: SHOW COLUMNS FROM `nltk_term_relationships` [ RunTime:0.0150s ]
SQL: SELECT `post_date`,`post_title`,`object_id`,`tid`,`term_id`,`coll_id`,`post_keywords` FROM nltk_term_relationships a INNER JOIN nltk_posts as b on a.object_id =b.id INNER JOIN nltk_users as c on b.post_author = c.id  WHERE `post_keywords` LIKE '%调研%' AND `status` = 1 AND `post_status` = 1 ORDER BY post_date asc  [ RunTime:0.0150s ]

[ 2017-11-06T19:18:16+08:00 ] ::1 /index.php?g=&m=search&a=nltkSearch
INFO: [ app_begin ] --START--
INFO: Run Behavior\ReadHtmlCacheBehavior [ RunTime:0.001000s ]
INFO: Run Behavior\CheckLangBehavior [ RunTime:0.001000s ]
INFO: [ app_begin ] --END-- [ RunTime:0.003000s ]
SQL: SHOW COLUMNS FROM `nltk_term_relationships` [ RunTime:0.0150s ]
SQL: SELECT `post_date`,`post_title`,`object_id`,`tid`,`term_id`,`coll_id`,`post_keywords` FROM nltk_term_relationships a INNER JOIN nltk_posts as b on a.object_id =b.id INNER JOIN nltk_users as c on b.post_author = c.id  WHERE `post_keywords` LIKE '%调研%' AND `status` = 1 AND `post_status` = 1 ORDER BY post_date asc  [ RunTime:0.0130s ]

[ 2017-11-06T19:23:09+08:00 ] ::1 /index.php?g=&m=search&a=nltkSearch
INFO: [ app_begin ] --START--
INFO: Run Behavior\ReadHtmlCacheBehavior [ RunTime:0.001000s ]
INFO: Run Behavior\CheckLangBehavior [ RunTime:0.001000s ]
INFO: [ app_begin ] --END-- [ RunTime:0.003000s ]
SQL: SHOW COLUMNS FROM `nltk_term_relationships` [ RunTime:0.0090s ]
SQL: SELECT `post_date`,`post_title`,`object_id`,`tid`,`term_id`,`coll_id`,`post_keywords` FROM nltk_term_relationships a INNER JOIN nltk_posts as b on a.object_id =b.id INNER JOIN nltk_users as c on b.post_author = c.id  WHERE `post_keywords` LIKE '%调研%' AND `status` = 1 AND `post_status` = 1 ORDER BY post_date asc  [ RunTime:0.0120s ]

[ 2017-11-06T19:23:50+08:00 ] ::1 /index.php?g=&m=search&a=nltkSearch
INFO: [ app_begin ] --START--
INFO: Run Behavior\ReadHtmlCacheBehavior [ RunTime:0.001000s ]
INFO: Run Behavior\CheckLangBehavior [ RunTime:0.001000s ]
INFO: [ app_begin ] --END-- [ RunTime:0.003000s ]
SQL: SHOW COLUMNS FROM `nltk_term_relationships` [ RunTime:0.0160s ]
SQL: SELECT `post_date`,`post_title`,`object_id`,`tid`,`term_id`,`coll_id`,`post_keywords` FROM nltk_term_relationships a INNER JOIN nltk_posts as b on a.object_id =b.id INNER JOIN nltk_users as c on b.post_author = c.id  WHERE `post_title` LIKE '%的%' AND `status` = 1 AND `post_status` = 1 ORDER BY post_date asc  [ RunTime:0.0150s ]

[ 2017-11-06T19:24:48+08:00 ] ::1 /index.php?g=&m=search&a=nltkSearch
INFO: [ app_begin ] --START--
INFO: Run Behavior\ReadHtmlCacheBehavior [ RunTime:0.001000s ]
INFO: Run Behavior\CheckLangBehavior [ RunTime:0.002000s ]
INFO: [ app_begin ] --END-- [ RunTime:0.004000s ]
SQL: SHOW COLUMNS FROM `nltk_term_relationships` [ RunTime:0.0160s ]
SQL: SELECT `post_date`,`post_title`,`object_id`,`tid`,`term_id`,`coll_id`,`post_keywords` FROM nltk_term_relationships a INNER JOIN nltk_posts as b on a.object_id =b.id INNER JOIN nltk_users as c on b.post_author = c.id  WHERE `post_date` IN ('2017-06-01','2017-06-02','2017-06-03','2017-06-04','2017-06-05','2017-06-06','2017-06-07','2017-06-08','2017-06-09','2017-06-10','2017-06-11','2017-06-12','2017-06-13','2017-06-14','2017-06-15','2017-06-16','2017-06-17','2017-06-18','2017-06-19','2017-06-20','2017-06-21','2017-06-22','2017-06-23','2017-06-24','2017-06-25','2017-06-26','2017-06-27','2017-06-28','2017-06-29','2017-06-30','2017-07-01','2017-07-02','2017-07-03','2017-07-04','2017-07-05','2017-07-06','2017-07-07','2017-07-08','2017-07-09','2017-07-10','2017-07-11','2017-07-12','2017-07-13','2017-07-14','2017-07-15','2017-07-16','2017-07-17','2017-07-18','2017-07-19','2017-07-20','2017-07-21','2017-07-22','2017-07-23','2017-07-24','2017-07-25','2017-07-26','2017-07-27','2017-07-28','2017-07-29','2017-07-30','2017-07-31','2017-08-01','2017-08-02','2017-08-03','2017-08-04','2017-08-05','2017-08-06','2017-08-07','2017-08-08','2017-08-09','2017-08-10','2017-08-11','2017-08-12','2017-08-13','2017-08-14','2017-08-15','2017-08-16','2017-08-17','2017-08-18','2017-08-19','2017-08-20','2017-08-21','2017-08-22','2017-08-23','2017-08-24','2017-08-25','2017-08-26','2017-08-27','2017-08-28','2017-08-29','2017-08-30','2017-08-31','2017-09-01','2017-09-02','2017-09-03','2017-09-04','2017-09-05','2017-09-06','2017-09-07','2017-09-08','2017-09-09','2017-09-10','2017-09-11','2017-09-12','2017-09-13','2017-09-14','2017-09-15','2017-09-16','2017-09-17','2017-09-18','2017-09-19','2017-09-20','2017-09-21','2017-09-22','2017-09-23','2017-09-24','2017-09-25','2017-09-26','2017-09-27','2017-09-28','2017-09-29','2017-09-30','2017-10-01') AND `status` = 1 AND `post_status` = 1 ORDER BY post_date asc  [ RunTime:0.0220s ]

[ 2017-11-06T19:25:06+08:00 ] ::1 /index.php?g=&m=search&a=nltkSearch
INFO: [ app_begin ] --START--
INFO: Run Behavior\ReadHtmlCacheBehavior [ RunTime:0.001001s ]
INFO: Run Behavior\CheckLangBehavior [ RunTime:0.001000s ]
INFO: [ app_begin ] --END-- [ RunTime:0.003001s ]
SQL: SHOW COLUMNS FROM `nltk_term_relationships` [ RunTime:0.0100s ]
SQL: SELECT `post_date`,`post_title`,`object_id`,`tid`,`term_id`,`coll_id`,`post_keywords` FROM nltk_term_relationships a INNER JOIN nltk_posts as b on a.object_id =b.id INNER JOIN nltk_users as c on b.post_author = c.id  WHERE `post_date` IN ('2017-01-01','2017-01-02','2017-01-03','2017-01-04','2017-01-05','2017-01-06','2017-01-07','2017-01-08','2017-01-09','2017-01-10','2017-01-11','2017-01-12','2017-01-13','2017-01-14','2017-01-15','2017-01-16','2017-01-17','2017-01-18','2017-01-19','2017-01-20','2017-01-21','2017-01-22','2017-01-23','2017-01-24','2017-01-25','2017-01-26','2017-01-27','2017-01-28','2017-01-29','2017-01-30','2017-01-31','2017-02-01','2017-02-02','2017-02-03','2017-02-04','2017-02-05','2017-02-06','2017-02-07','2017-02-08','2017-02-09','2017-02-10','2017-02-11','2017-02-12','2017-02-13','2017-02-14','2017-02-15','2017-02-16','2017-02-17','2017-02-18','2017-02-19','2017-02-20','2017-02-21','2017-02-22','2017-02-23','2017-02-24','2017-02-25','2017-02-26','2017-02-27','2017-02-28','2017-03-01','2017-03-02','2017-03-03','2017-03-04','2017-03-05','2017-03-06','2017-03-07','2017-03-08','2017-03-09','2017-03-10','2017-03-11','2017-03-12','2017-03-13','2017-03-14','2017-03-15','2017-03-16','2017-03-17','2017-03-18','2017-03-19','2017-03-20','2017-03-21','2017-03-22','2017-03-23','2017-03-24','2017-03-25','2017-03-26','2017-03-27','2017-03-28','2017-03-29','2017-03-30','2017-03-31','2017-04-01','2017-04-02','2017-04-03','2017-04-04','2017-04-05','2017-04-06','2017-04-07','2017-04-08','2017-04-09','2017-04-10','2017-04-11','2017-04-12','2017-04-13','2017-04-14','2017-04-15','2017-04-16','2017-04-17','2017-04-18','2017-04-19','2017-04-20','2017-04-21','2017-04-22','2017-04-23','2017-04-24','2017-04-25','2017-04-26','2017-04-27','2017-04-28','2017-04-29','2017-04-30','2017-05-01','2017-05-02','2017-05-03','2017-05-04','2017-05-05','2017-05-06','2017-05-07','2017-05-08','2017-05-09','2017-05-10','2017-05-11','2017-05-12','2017-05-13','2017-05-14','2017-05-15','2017-05-16','2017-05-17','2017-05-18','2017-05-19','2017-05-20','2017-05-21','2017-05-22','2017-05-23','2017-05-24','2017-05-25','2017-05-26','2017-05-27','2017-05-28','2017-05-29','2017-05-30','2017-05-31','2017-06-01','2017-06-02','2017-06-03','2017-06-04','2017-06-05','2017-06-06','2017-06-07','2017-06-08','2017-06-09','2017-06-10','2017-06-11','2017-06-12','2017-06-13','2017-06-14','2017-06-15','2017-06-16','2017-06-17','2017-06-18','2017-06-19','2017-06-20','2017-06-21','2017-06-22','2017-06-23','2017-06-24','2017-06-25','2017-06-26','2017-06-27','2017-06-28','2017-06-29','2017-06-30','2017-07-01','2017-07-02','2017-07-03','2017-07-04','2017-07-05','2017-07-06','2017-07-07','2017-07-08','2017-07-09','2017-07-10','2017-07-11','2017-07-12','2017-07-13','2017-07-14','2017-07-15','2017-07-16','2017-07-17','2017-07-18','2017-07-19','2017-07-20','2017-07-21','2017-07-22','2017-07-23','2017-07-24','2017-07-25','2017-07-26','2017-07-27','2017-07-28','2017-07-29','2017-07-30','2017-07-31','2017-08-01','2017-08-02','2017-08-03','2017-08-04','2017-08-05','2017-08-06','2017-08-07','2017-08-08','2017-08-09','2017-08-10','2017-08-11','2017-08-12','2017-08-13','2017-08-14','2017-08-15','2017-08-16','2017-08-17','2017-08-18','2017-08-19','2017-08-20','2017-08-21','2017-08-22','2017-08-23','2017-08-24','2017-08-25','2017-08-26','2017-08-27','2017-08-28','2017-08-29','2017-08-30','2017-08-31','2017-09-01','2017-09-02','2017-09-03','2017-09-04','2017-09-05','2017-09-06','2017-09-07','2017-09-08','2017-09-09','2017-09-10','2017-09-11','2017-09-12','2017-09-13','2017-09-14','2017-09-15','2017-09-16','2017-09-17','2017-09-18','2017-09-19','2017-09-20','2017-09-21','2017-09-22','2017-09-23','2017-09-24','2017-09-25','2017-09-26','2017-09-27','2017-09-28','2017-09-29','2017-09-30','2017-10-01') AND `status` = 1 AND `post_status` = 1 ORDER BY post_date asc  [ RunTime:0.0170s ]

[ 2017-11-06T19:25:12+08:00 ] ::1 /index.php?g=&m=search&a=nltkSearch
INFO: [ app_begin ] --START--
INFO: Run Behavior\ReadHtmlCacheBehavior [ RunTime:0.001000s ]
INFO: Run Behavior\CheckLangBehavior [ RunTime:0.001000s ]
INFO: [ app_begin ] --END-- [ RunTime:0.003000s ]
SQL: SHOW COLUMNS FROM `nltk_term_relationships` [ RunTime:0.0180s ]
SQL: SELECT `post_date`,`post_title`,`object_id`,`tid`,`term_id`,`coll_id`,`post_keywords` FROM nltk_term_relationships a INNER JOIN nltk_posts as b on a.object_id =b.id INNER JOIN nltk_users as c on b.post_author = c.id  WHERE `post_date` IN ('2017-01-01','2017-01-02','2017-01-03','2017-01-04','2017-01-05','2017-01-06','2017-01-07','2017-01-08','2017-01-09','2017-01-10','2017-01-11','2017-01-12','2017-01-13','2017-01-14','2017-01-15','2017-01-16','2017-01-17','2017-01-18','2017-01-19','2017-01-20','2017-01-21','2017-01-22','2017-01-23','2017-01-24','2017-01-25','2017-01-26','2017-01-27','2017-01-28','2017-01-29','2017-01-30','2017-01-31','2017-02-01','2017-02-02','2017-02-03','2017-02-04','2017-02-05','2017-02-06','2017-02-07','2017-02-08','2017-02-09','2017-02-10','2017-02-11','2017-02-12','2017-02-13','2017-02-14','2017-02-15','2017-02-16','2017-02-17','2017-02-18','2017-02-19','2017-02-20','2017-02-21','2017-02-22','2017-02-23','2017-02-24','2017-02-25','2017-02-26','2017-02-27','2017-02-28','2017-03-01','2017-03-02','2017-03-03','2017-03-04','2017-03-05','2017-03-06','2017-03-07','2017-03-08','2017-03-09','2017-03-10','2017-03-11','2017-03-12','2017-03-13','2017-03-14','2017-03-15','2017-03-16','2017-03-17','2017-03-18','2017-03-19','2017-03-20','2017-03-21','2017-03-22','2017-03-23','2017-03-24','2017-03-25','2017-03-26','2017-03-27','2017-03-28','2017-03-29','2017-03-30','2017-03-31','2017-04-01','2017-04-02','2017-04-03','2017-04-04','2017-04-05','2017-04-06','2017-04-07','2017-04-08','2017-04-09','2017-04-10','2017-04-11','2017-04-12','2017-04-13','2017-04-14','2017-04-15','2017-04-16','2017-04-17','2017-04-18','2017-04-19','2017-04-20','2017-04-21','2017-04-22','2017-04-23','2017-04-24','2017-04-25','2017-04-26','2017-04-27','2017-04-28','2017-04-29','2017-04-30','2017-05-01','2017-05-02','2017-05-03','2017-05-04','2017-05-05','2017-05-06','2017-05-07','2017-05-08','2017-05-09','2017-05-10','2017-05-11','2017-05-12','2017-05-13','2017-05-14','2017-05-15','2017-05-16','2017-05-17','2017-05-18','2017-05-19','2017-05-20','2017-05-21','2017-05-22','2017-05-23','2017-05-24','2017-05-25','2017-05-26','2017-05-27','2017-05-28','2017-05-29','2017-05-30','2017-05-31','2017-06-01','2017-06-02','2017-06-03','2017-06-04','2017-06-05','2017-06-06','2017-06-07','2017-06-08','2017-06-09','2017-06-10','2017-06-11','2017-06-12','2017-06-13','2017-06-14','2017-06-15','2017-06-16','2017-06-17','2017-06-18','2017-06-19','2017-06-20','2017-06-21','2017-06-22','2017-06-23','2017-06-24','2017-06-25','2017-06-26','2017-06-27','2017-06-28','2017-06-29','2017-06-30','2017-07-01','2017-07-02','2017-07-03','2017-07-04','2017-07-05','2017-07-06','2017-07-07','2017-07-08','2017-07-09','2017-07-10','2017-07-11','2017-07-12','2017-07-13','2017-07-14','2017-07-15','2017-07-16','2017-07-17','2017-07-18','2017-07-19','2017-07-20','2017-07-21','2017-07-22','2017-07-23','2017-07-24','2017-07-25','2017-07-26','2017-07-27','2017-07-28','2017-07-29','2017-07-30','2017-07-31','2017-08-01','2017-08-02','2017-08-03','2017-08-04','2017-08-05','2017-08-06','2017-08-07','2017-08-08','2017-08-09','2017-08-10','2017-08-11','2017-08-12','2017-08-13','2017-08-14','2017-08-15','2017-08-16','2017-08-17','2017-08-18','2017-08-19','2017-08-20','2017-08-21','2017-08-22','2017-08-23','2017-08-24','2017-08-25','2017-08-26','2017-08-27','2017-08-28','2017-08-29','2017-08-30','2017-08-31','2017-09-01','2017-09-02','2017-09-03','2017-09-04','2017-09-05','2017-09-06','2017-09-07','2017-09-08','2017-09-09','2017-09-10','2017-09-11','2017-09-12','2017-09-13','2017-09-14','2017-09-15','2017-09-16','2017-09-17','2017-09-18','2017-09-19','2017-09-20','2017-09-21','2017-09-22','2017-09-23','2017-09-24','2017-09-25','2017-09-26','2017-09-27','2017-09-28','2017-09-29','2017-09-30','2017-10-01') AND `status` = 1 AND `post_status` = 1 ORDER BY post_date asc  [ RunTime:0.0170s ]

[ 2017-11-06T19:25:16+08:00 ] ::1 /index.php?g=&m=search&a=nltkSearch
INFO: [ app_begin ] --START--
INFO: Run Behavior\ReadHtmlCacheBehavior [ RunTime:0.002000s ]
INFO: Run Behavior\CheckLangBehavior [ RunTime:0.003001s ]
INFO: [ app_begin ] --END-- [ RunTime:0.005001s ]
SQL: SHOW COLUMNS FROM `nltk_term_relationships` [ RunTime:0.0140s ]
SQL: SELECT `post_date`,`post_title`,`object_id`,`tid`,`term_id`,`coll_id`,`post_keywords` FROM nltk_term_relationships a INNER JOIN nltk_posts as b on a.object_id =b.id INNER JOIN nltk_users as c on b.post_author = c.id  WHERE `post_date` IN ('2017-01-01','2017-01-02','2017-01-03','2017-01-04','2017-01-05','2017-01-06','2017-01-07','2017-01-08','2017-01-09','2017-01-10','2017-01-11','2017-01-12','2017-01-13','2017-01-14','2017-01-15','2017-01-16','2017-01-17','2017-01-18','2017-01-19','2017-01-20','2017-01-21','2017-01-22','2017-01-23','2017-01-24','2017-01-25','2017-01-26','2017-01-27','2017-01-28','2017-01-29','2017-01-30','2017-01-31','2017-02-01','2017-02-02','2017-02-03','2017-02-04','2017-02-05','2017-02-06','2017-02-07','2017-02-08','2017-02-09','2017-02-10','2017-02-11','2017-02-12','2017-02-13','2017-02-14','2017-02-15','2017-02-16','2017-02-17','2017-02-18','2017-02-19','2017-02-20','2017-02-21','2017-02-22','2017-02-23','2017-02-24','2017-02-25','2017-02-26','2017-02-27','2017-02-28','2017-03-01','2017-03-02','2017-03-03','2017-03-04','2017-03-05','2017-03-06','2017-03-07','2017-03-08','2017-03-09','2017-03-10','2017-03-11','2017-03-12','2017-03-13','2017-03-14','2017-03-15','2017-03-16','2017-03-17','2017-03-18','2017-03-19','2017-03-20','2017-03-21','2017-03-22','2017-03-23','2017-03-24','2017-03-25','2017-03-26','2017-03-27','2017-03-28','2017-03-29','2017-03-30','2017-03-31','2017-04-01','2017-04-02','2017-04-03','2017-04-04','2017-04-05','2017-04-06','2017-04-07','2017-04-08','2017-04-09','2017-04-10','2017-04-11','2017-04-12','2017-04-13','2017-04-14','2017-04-15','2017-04-16','2017-04-17','2017-04-18','2017-04-19','2017-04-20','2017-04-21','2017-04-22','2017-04-23','2017-04-24','2017-04-25','2017-04-26','2017-04-27','2017-04-28','2017-04-29','2017-04-30','2017-05-01','2017-05-02','2017-05-03','2017-05-04','2017-05-05','2017-05-06','2017-05-07','2017-05-08','2017-05-09','2017-05-10','2017-05-11','2017-05-12','2017-05-13','2017-05-14','2017-05-15','2017-05-16','2017-05-17','2017-05-18','2017-05-19','2017-05-20','2017-05-21','2017-05-22','2017-05-23','2017-05-24','2017-05-25','2017-05-26','2017-05-27','2017-05-28','2017-05-29','2017-05-30','2017-05-31','2017-06-01','2017-06-02','2017-06-03','2017-06-04','2017-06-05','2017-06-06','2017-06-07','2017-06-08','2017-06-09','2017-06-10','2017-06-11','2017-06-12','2017-06-13','2017-06-14','2017-06-15','2017-06-16','2017-06-17','2017-06-18','2017-06-19','2017-06-20','2017-06-21','2017-06-22','2017-06-23','2017-06-24','2017-06-25','2017-06-26','2017-06-27','2017-06-28','2017-06-29','2017-06-30','2017-07-01','2017-07-02','2017-07-03','2017-07-04','2017-07-05','2017-07-06','2017-07-07','2017-07-08','2017-07-09','2017-07-10','2017-07-11','2017-07-12','2017-07-13','2017-07-14','2017-07-15','2017-07-16','2017-07-17','2017-07-18','2017-07-19','2017-07-20','2017-07-21','2017-07-22','2017-07-23','2017-07-24','2017-07-25','2017-07-26','2017-07-27','2017-07-28','2017-07-29','2017-07-30','2017-07-31','2017-08-01','2017-08-02','2017-08-03','2017-08-04','2017-08-05','2017-08-06','2017-08-07','2017-08-08','2017-08-09','2017-08-10','2017-08-11','2017-08-12','2017-08-13','2017-08-14','2017-08-15','2017-08-16','2017-08-17','2017-08-18','2017-08-19','2017-08-20','2017-08-21','2017-08-22','2017-08-23','2017-08-24','2017-08-25','2017-08-26','2017-08-27','2017-08-28','2017-08-29','2017-08-30','2017-08-31','2017-09-01','2017-09-02','2017-09-03','2017-09-04','2017-09-05','2017-09-06','2017-09-07','2017-09-08','2017-09-09','2017-09-10','2017-09-11','2017-09-12','2017-09-13','2017-09-14','2017-09-15','2017-09-16','2017-09-17','2017-09-18','2017-09-19','2017-09-20','2017-09-21','2017-09-22','2017-09-23','2017-09-24','2017-09-25','2017-09-26','2017-09-27','2017-09-28','2017-09-29','2017-09-30','2017-10-01','2017-10-02','2017-10-03','2017-10-04','2017-10-05','2017-10-06','2017-10-07','2017-10-08','2017-10-09','2017-10-10','2017-10-11','2017-10-12','2017-10-13','2017-10-14','2017-10-15','2017-10-16','2017-10-17','2017-10-18','2017-10-19','2017-10-20','2017-10-21','2017-10-22','2017-10-23','2017-10-24','2017-10-25','2017-10-26','2017-10-27','2017-10-28','2017-10-29','2017-10-30','2017-10-31','2017-11-01','2017-11-02','2017-11-03','2017-11-04','2017-11-05','2017-11-06','2017-11-07','2017-11-08','2017-11-09','2017-11-10','2017-11-11','2017-11-12','2017-11-13','2017-11-14','2017-11-15','2017-11-16','2017-11-17','2017-11-18','2017-11-19','2017-11-20','2017-11-21','2017-11-22','2017-11-23','2017-11-24','2017-11-25','2017-11-26','2017-11-27','2017-11-28','2017-11-29','2017-11-30','2017-12-01') AND `status` = 1 AND `post_status` = 1 ORDER BY post_date asc  [ RunTime:0.0290s ]

[ 2017-11-06T19:25:36+08:00 ] ::1 /index.php?g=&m=search&a=nltkSearch
INFO: [ app_begin ] --START--
INFO: Run Behavior\ReadHtmlCacheBehavior [ RunTime:0.002001s ]
INFO: Run Behavior\CheckLangBehavior [ RunTime:0.002000s ]
INFO: [ app_begin ] --END-- [ RunTime:0.005001s ]
SQL: SHOW COLUMNS FROM `nltk_term_relationships` [ RunTime:0.0190s ]
SQL: SELECT `post_date`,`post_title`,`object_id`,`tid`,`term_id`,`coll_id`,`post_keywords` FROM nltk_term_relationships a INNER JOIN nltk_posts as b on a.object_id =b.id INNER JOIN nltk_users as c on b.post_author = c.id  WHERE `post_title` LIKE '%的%' AND `post_date` IN ('2017-01-01','2017-01-02','2017-01-03','2017-01-04','2017-01-05','2017-01-06','2017-01-07','2017-01-08','2017-01-09','2017-01-10','2017-01-11','2017-01-12','2017-01-13','2017-01-14','2017-01-15','2017-01-16','2017-01-17','2017-01-18','2017-01-19','2017-01-20','2017-01-21','2017-01-22','2017-01-23','2017-01-24','2017-01-25','2017-01-26','2017-01-27','2017-01-28','2017-01-29','2017-01-30','2017-01-31','2017-02-01','2017-02-02','2017-02-03','2017-02-04','2017-02-05','2017-02-06','2017-02-07','2017-02-08','2017-02-09','2017-02-10','2017-02-11','2017-02-12','2017-02-13','2017-02-14','2017-02-15','2017-02-16','2017-02-17','2017-02-18','2017-02-19','2017-02-20','2017-02-21','2017-02-22','2017-02-23','2017-02-24','2017-02-25','2017-02-26','2017-02-27','2017-02-28','2017-03-01','2017-03-02','2017-03-03','2017-03-04','2017-03-05','2017-03-06','2017-03-07','2017-03-08','2017-03-09','2017-03-10','2017-03-11','2017-03-12','2017-03-13','2017-03-14','2017-03-15','2017-03-16','2017-03-17','2017-03-18','2017-03-19','2017-03-20','2017-03-21','2017-03-22','2017-03-23','2017-03-24','2017-03-25','2017-03-26','2017-03-27','2017-03-28','2017-03-29','2017-03-30','2017-03-31','2017-04-01','2017-04-02','2017-04-03','2017-04-04','2017-04-05','2017-04-06','2017-04-07','2017-04-08','2017-04-09','2017-04-10','2017-04-11','2017-04-12','2017-04-13','2017-04-14','2017-04-15','2017-04-16','2017-04-17','2017-04-18','2017-04-19','2017-04-20','2017-04-21','2017-04-22','2017-04-23','2017-04-24','2017-04-25','2017-04-26','2017-04-27','2017-04-28','2017-04-29','2017-04-30','2017-05-01','2017-05-02','2017-05-03','2017-05-04','2017-05-05','2017-05-06','2017-05-07','2017-05-08','2017-05-09','2017-05-10','2017-05-11','2017-05-12','2017-05-13','2017-05-14','2017-05-15','2017-05-16','2017-05-17','2017-05-18','2017-05-19','2017-05-20','2017-05-21','2017-05-22','2017-05-23','2017-05-24','2017-05-25','2017-05-26','2017-05-27','2017-05-28','2017-05-29','2017-05-30','2017-05-31','2017-06-01','2017-06-02','2017-06-03','2017-06-04','2017-06-05','2017-06-06','2017-06-07','2017-06-08','2017-06-09','2017-06-10','2017-06-11','2017-06-12','2017-06-13','2017-06-14','2017-06-15','2017-06-16','2017-06-17','2017-06-18','2017-06-19','2017-06-20','2017-06-21','2017-06-22','2017-06-23','2017-06-24','2017-06-25','2017-06-26','2017-06-27','2017-06-28','2017-06-29','2017-06-30','2017-07-01','2017-07-02','2017-07-03','2017-07-04','2017-07-05','2017-07-06','2017-07-07','2017-07-08','2017-07-09','2017-07-10','2017-07-11','2017-07-12','2017-07-13','2017-07-14','2017-07-15','2017-07-16','2017-07-17','2017-07-18','2017-07-19','2017-07-20','2017-07-21','2017-07-22','2017-07-23','2017-07-24','2017-07-25','2017-07-26','2017-07-27','2017-07-28','2017-07-29','2017-07-30','2017-07-31','2017-08-01','2017-08-02','2017-08-03','2017-08-04','2017-08-05','2017-08-06','2017-08-07','2017-08-08','2017-08-09','2017-08-10','2017-08-11','2017-08-12','2017-08-13','2017-08-14','2017-08-15','2017-08-16','2017-08-17','2017-08-18','2017-08-19','2017-08-20','2017-08-21','2017-08-22','2017-08-23','2017-08-24','2017-08-25','2017-08-26','2017-08-27','2017-08-28','2017-08-29','2017-08-30','2017-08-31','2017-09-01','2017-09-02','2017-09-03','2017-09-04','2017-09-05','2017-09-06','2017-09-07','2017-09-08','2017-09-09','2017-09-10','2017-09-11','2017-09-12','2017-09-13','2017-09-14','2017-09-15','2017-09-16','2017-09-17','2017-09-18','2017-09-19','2017-09-20','2017-09-21','2017-09-22','2017-09-23','2017-09-24','2017-09-25','2017-09-26','2017-09-27','2017-09-28','2017-09-29','2017-09-30','2017-10-01','2017-10-02','2017-10-03','2017-10-04','2017-10-05','2017-10-06','2017-10-07','2017-10-08','2017-10-09','2017-10-10','2017-10-11','2017-10-12','2017-10-13','2017-10-14','2017-10-15','2017-10-16','2017-10-17','2017-10-18','2017-10-19','2017-10-20','2017-10-21','2017-10-22','2017-10-23','2017-10-24','2017-10-25','2017-10-26','2017-10-27','2017-10-28','2017-10-29','2017-10-30','2017-10-31','2017-11-01','2017-11-02','2017-11-03','2017-11-04','2017-11-05','2017-11-06','2017-11-07','2017-11-08','2017-11-09','2017-11-10','2017-11-11','2017-11-12','2017-11-13','2017-11-14','2017-11-15','2017-11-16','2017-11-17','2017-11-18','2017-11-19','2017-11-20','2017-11-21','2017-11-22','2017-11-23','2017-11-24','2017-11-25','2017-11-26','2017-11-27','2017-11-28','2017-11-29','2017-11-30','2017-12-01') AND `status` = 1 AND `post_status` = 1 ORDER BY post_date asc  [ RunTime:0.0210s ]

[ 2017-11-06T19:25:39+08:00 ] ::1 /index.php?g=&m=search&a=nltkSearch
INFO: [ app_begin ] --START--
INFO: Run Behavior\ReadHtmlCacheBehavior [ RunTime:0.001000s ]
INFO: Run Behavior\CheckLangBehavior [ RunTime:0.001000s ]
INFO: [ app_begin ] --END-- [ RunTime:0.003000s ]
SQL: SHOW COLUMNS FROM `nltk_term_relationships` [ RunTime:0.0160s ]
SQL: SELECT `post_date`,`post_title`,`object_id`,`tid`,`term_id`,`coll_id`,`post_keywords` FROM nltk_term_relationships a INNER JOIN nltk_posts as b on a.object_id =b.id INNER JOIN nltk_users as c on b.post_author = c.id  WHERE `post_title` LIKE '%的%' AND `post_date` IN ('2017-01-01','2017-01-02','2017-01-03','2017-01-04','2017-01-05','2017-01-06','2017-01-07','2017-01-08','2017-01-09','2017-01-10','2017-01-11','2017-01-12','2017-01-13','2017-01-14','2017-01-15','2017-01-16','2017-01-17','2017-01-18','2017-01-19','2017-01-20','2017-01-21','2017-01-22','2017-01-23','2017-01-24','2017-01-25','2017-01-26','2017-01-27','2017-01-28','2017-01-29','2017-01-30','2017-01-31','2017-02-01','2017-02-02','2017-02-03','2017-02-04','2017-02-05','2017-02-06','2017-02-07','2017-02-08','2017-02-09','2017-02-10','2017-02-11','2017-02-12','2017-02-13','2017-02-14','2017-02-15','2017-02-16','2017-02-17','2017-02-18','2017-02-19','2017-02-20','2017-02-21','2017-02-22','2017-02-23','2017-02-24','2017-02-25','2017-02-26','2017-02-27','2017-02-28','2017-03-01','2017-03-02','2017-03-03','2017-03-04','2017-03-05','2017-03-06','2017-03-07','2017-03-08','2017-03-09','2017-03-10','2017-03-11','2017-03-12','2017-03-13','2017-03-14','2017-03-15','2017-03-16','2017-03-17','2017-03-18','2017-03-19','2017-03-20','2017-03-21','2017-03-22','2017-03-23','2017-03-24','2017-03-25','2017-03-26','2017-03-27','2017-03-28','2017-03-29','2017-03-30','2017-03-31','2017-04-01','2017-04-02','2017-04-03','2017-04-04','2017-04-05','2017-04-06','2017-04-07','2017-04-08','2017-04-09','2017-04-10','2017-04-11','2017-04-12','2017-04-13','2017-04-14','2017-04-15','2017-04-16','2017-04-17','2017-04-18','2017-04-19','2017-04-20','2017-04-21','2017-04-22','2017-04-23','2017-04-24','2017-04-25','2017-04-26','2017-04-27','2017-04-28','2017-04-29','2017-04-30','2017-05-01','2017-05-02','2017-05-03','2017-05-04','2017-05-05','2017-05-06','2017-05-07','2017-05-08','2017-05-09','2017-05-10','2017-05-11','2017-05-12','2017-05-13','2017-05-14','2017-05-15','2017-05-16','2017-05-17','2017-05-18','2017-05-19','2017-05-20','2017-05-21','2017-05-22','2017-05-23','2017-05-24','2017-05-25','2017-05-26','2017-05-27','2017-05-28','2017-05-29','2017-05-30','2017-05-31','2017-06-01','2017-06-02','2017-06-03','2017-06-04','2017-06-05','2017-06-06','2017-06-07','2017-06-08','2017-06-09','2017-06-10','2017-06-11','2017-06-12','2017-06-13','2017-06-14','2017-06-15','2017-06-16','2017-06-17','2017-06-18','2017-06-19','2017-06-20','2017-06-21','2017-06-22','2017-06-23','2017-06-24','2017-06-25','2017-06-26','2017-06-27','2017-06-28','2017-06-29','2017-06-30','2017-07-01','2017-07-02','2017-07-03','2017-07-04','2017-07-05','2017-07-06','2017-07-07','2017-07-08','2017-07-09','2017-07-10','2017-07-11','2017-07-12','2017-07-13','2017-07-14','2017-07-15','2017-07-16','2017-07-17','2017-07-18','2017-07-19','2017-07-20','2017-07-21','2017-07-22','2017-07-23','2017-07-24','2017-07-25','2017-07-26','2017-07-27','2017-07-28','2017-07-29','2017-07-30','2017-07-31','2017-08-01','2017-08-02','2017-08-03','2017-08-04','2017-08-05','2017-08-06','2017-08-07','2017-08-08','2017-08-09','2017-08-10','2017-08-11','2017-08-12','2017-08-13','2017-08-14','2017-08-15','2017-08-16','2017-08-17','2017-08-18','2017-08-19','2017-08-20','2017-08-21','2017-08-22','2017-08-23','2017-08-24','2017-08-25','2017-08-26','2017-08-27','2017-08-28','2017-08-29','2017-08-30','2017-08-31','2017-09-01','2017-09-02','2017-09-03','2017-09-04','2017-09-05','2017-09-06','2017-09-07','2017-09-08','2017-09-09','2017-09-10','2017-09-11','2017-09-12','2017-09-13','2017-09-14','2017-09-15','2017-09-16','2017-09-17','2017-09-18','2017-09-19','2017-09-20','2017-09-21','2017-09-22','2017-09-23','2017-09-24','2017-09-25','2017-09-26','2017-09-27','2017-09-28','2017-09-29','2017-09-30','2017-10-01','2017-10-02','2017-10-03','2017-10-04','2017-10-05','2017-10-06','2017-10-07','2017-10-08','2017-10-09','2017-10-10','2017-10-11','2017-10-12','2017-10-13','2017-10-14','2017-10-15','2017-10-16','2017-10-17','2017-10-18','2017-10-19','2017-10-20','2017-10-21','2017-10-22','2017-10-23','2017-10-24','2017-10-25','2017-10-26','2017-10-27','2017-10-28','2017-10-29','2017-10-30','2017-10-31','2017-11-01','2017-11-02','2017-11-03','2017-11-04','2017-11-05','2017-11-06','2017-11-07','2017-11-08','2017-11-09','2017-11-10','2017-11-11','2017-11-12','2017-11-13','2017-11-14','2017-11-15','2017-11-16','2017-11-17','2017-11-18','2017-11-19','2017-11-20','2017-11-21','2017-11-22','2017-11-23','2017-11-24','2017-11-25','2017-11-26','2017-11-27','2017-11-28','2017-11-29','2017-11-30','2017-12-01') AND `status` = 1 AND `post_status` = 1 ORDER BY post_date asc  [ RunTime:0.0230s ]

[ 2017-11-06T19:25:44+08:00 ] ::1 /index.php?g=&m=search&a=nltkSearch
INFO: [ app_begin ] --START--
INFO: Run Behavior\ReadHtmlCacheBehavior [ RunTime:0.001000s ]
INFO: Run Behavior\CheckLangBehavior [ RunTime:0.001000s ]
INFO: [ app_begin ] --END-- [ RunTime:0.003000s ]
SQL: SHOW COLUMNS FROM `nltk_term_relationships` [ RunTime:0.0150s ]
SQL: SELECT `post_date`,`post_title`,`object_id`,`tid`,`term_id`,`coll_id`,`post_keywords` FROM nltk_term_relationships a INNER JOIN nltk_posts as b on a.object_id =b.id INNER JOIN nltk_users as c on b.post_author = c.id  WHERE `post_title` LIKE '%的%' AND `status` = 1 AND `post_status` = 1 ORDER BY post_date asc  [ RunTime:0.0170s ]

[ 2017-11-06T19:33:20+08:00 ] ::1 /index.php?g=&m=search&a=nltkSearch
INFO: [ app_begin ] --START--
INFO: Run Behavior\ReadHtmlCacheBehavior [ RunTime:0.001000s ]
INFO: Run Behavior\CheckLangBehavior [ RunTime:0.001000s ]
INFO: [ app_begin ] --END-- [ RunTime:0.003000s ]
SQL: SHOW COLUMNS FROM `nltk_term_relationships` [ RunTime:0.0150s ]
SQL: SELECT `post_date`,`post_title`,`object_id`,`tid`,`term_id`,`coll_id`,`post_keywords` FROM nltk_term_relationships a INNER JOIN nltk_posts as b on a.object_id =b.id INNER JOIN nltk_users as c on b.post_author = c.id  WHERE `post_title` LIKE '%的%' AND `status` = 1 AND `post_status` = 1 ORDER BY post_date asc  [ RunTime:0.0180s ]

